{"total": {"lines":{"total":586,"covered":450,"skipped":0,"pct":76.79},"statements":{"total":589,"covered":452,"skipped":0,"pct":76.74},"functions":{"total":82,"covered":65,"skipped":0,"pct":79.26},"branches":{"total":181,"covered":110,"skipped":0,"pct":60.77},"branchesTrue":{"total":0,"covered":0,"skipped":0,"pct":100}}
,"C:\\Users\\mjeni\\OneDrive\\Desktop\\Software-Engineering-Project\\features\\admin\\backup.js": {"lines":{"total":26,"covered":26,"skipped":0,"pct":100},"functions":{"total":4,"covered":4,"skipped":0,"pct":100},"statements":{"total":26,"covered":26,"skipped":0,"pct":100},"branches":{"total":16,"covered":14,"skipped":0,"pct":87.5}}
,"C:\\Users\\mjeni\\OneDrive\\Desktop\\Software-Engineering-Project\\features\\admin\\routes.js": {"lines":{"total":106,"covered":70,"skipped":0,"pct":66.03},"functions":{"total":15,"covered":10,"skipped":0,"pct":66.66},"statements":{"total":107,"covered":71,"skipped":0,"pct":66.35},"branches":{"total":8,"covered":1,"skipped":0,"pct":12.5}}
,"C:\\Users\\mjeni\\OneDrive\\Desktop\\Software-Engineering-Project\\features\\admin\\users.js": {"lines":{"total":54,"covered":35,"skipped":0,"pct":64.81},"functions":{"total":8,"covered":7,"skipped":0,"pct":87.5},"statements":{"total":54,"covered":35,"skipped":0,"pct":64.81},"branches":{"total":24,"covered":11,"skipped":0,"pct":45.83}}
,"C:\\Users\\mjeni\\OneDrive\\Desktop\\Software-Engineering-Project\\features\\analytics\\queries.js": {"lines":{"total":6,"covered":6,"skipped":0,"pct":100},"functions":{"total":2,"covered":2,"skipped":0,"pct":100},"statements":{"total":6,"covered":6,"skipped":0,"pct":100},"branches":{"total":1,"covered":1,"skipped":0,"pct":100}}
,"C:\\Users\\mjeni\\OneDrive\\Desktop\\Software-Engineering-Project\\features\\analytics\\routes.js": {"lines":{"total":13,"covered":13,"skipped":0,"pct":100},"functions":{"total":1,"covered":1,"skipped":0,"pct":100},"statements":{"total":13,"covered":13,"skipped":0,"pct":100},"branches":{"total":0,"covered":0,"skipped":0,"pct":100}}
,"C:\\Users\\mjeni\\OneDrive\\Desktop\\Software-Engineering-Project\\features\\auth\\middleware.js": {"lines":{"total":22,"covered":21,"skipped":0,"pct":95.45},"functions":{"total":3,"covered":2,"skipped":0,"pct":66.66},"statements":{"total":23,"covered":21,"skipped":0,"pct":91.3},"branches":{"total":15,"covered":12,"skipped":0,"pct":80}}
,"C:\\Users\\mjeni\\OneDrive\\Desktop\\Software-Engineering-Project\\features\\auth\\routes.js": {"lines":{"total":82,"covered":57,"skipped":0,"pct":69.51},"functions":{"total":6,"covered":3,"skipped":0,"pct":50},"statements":{"total":82,"covered":57,"skipped":0,"pct":69.51},"branches":{"total":20,"covered":12,"skipped":0,"pct":60}}
,"C:\\Users\\mjeni\\OneDrive\\Desktop\\Software-Engineering-Project\\features\\auth\\validators.js": {"lines":{"total":14,"covered":12,"skipped":0,"pct":85.71},"functions":{"total":4,"covered":4,"skipped":0,"pct":100},"statements":{"total":14,"covered":12,"skipped":0,"pct":85.71},"branches":{"total":6,"covered":4,"skipped":0,"pct":66.66}}
,"C:\\Users\\mjeni\\OneDrive\\Desktop\\Software-Engineering-Project\\features\\dashboard\\routes.js": {"lines":{"total":13,"covered":11,"skipped":0,"pct":84.61},"functions":{"total":1,"covered":1,"skipped":0,"pct":100},"statements":{"total":13,"covered":11,"skipped":0,"pct":84.61},"branches":{"total":0,"covered":0,"skipped":0,"pct":100}}
,"C:\\Users\\mjeni\\OneDrive\\Desktop\\Software-Engineering-Project\\features\\posts\\models.js": {"lines":{"total":35,"covered":29,"skipped":0,"pct":82.85},"functions":{"total":10,"covered":9,"skipped":0,"pct":90},"statements":{"total":35,"covered":29,"skipped":0,"pct":82.85},"branches":{"total":16,"covered":10,"skipped":0,"pct":62.5}}
,"C:\\Users\\mjeni\\OneDrive\\Desktop\\Software-Engineering-Project\\features\\posts\\routes.js": {"lines":{"total":131,"covered":100,"skipped":0,"pct":76.33},"functions":{"total":14,"covered":11,"skipped":0,"pct":78.57},"statements":{"total":131,"covered":100,"skipped":0,"pct":76.33},"branches":{"total":42,"covered":22,"skipped":0,"pct":52.38}}
,"C:\\Users\\mjeni\\OneDrive\\Desktop\\Software-Engineering-Project\\features\\posts\\upload.js": {"lines":{"total":17,"covered":10,"skipped":0,"pct":58.82},"functions":{"total":3,"covered":0,"skipped":0,"pct":0},"statements":{"total":17,"covered":10,"skipped":0,"pct":58.82},"branches":{"total":4,"covered":1,"skipped":0,"pct":25}}
,"C:\\Users\\mjeni\\OneDrive\\Desktop\\Software-Engineering-Project\\features\\posts\\validators.js": {"lines":{"total":22,"covered":15,"skipped":0,"pct":68.18},"functions":{"total":4,"covered":4,"skipped":0,"pct":100},"statements":{"total":22,"covered":15,"skipped":0,"pct":68.18},"branches":{"total":14,"covered":7,"skipped":0,"pct":50}}
,"C:\\Users\\mjeni\\OneDrive\\Desktop\\Software-Engineering-Project\\features\\scheduler\\index.js": {"lines":{"total":23,"covered":23,"skipped":0,"pct":100},"functions":{"total":4,"covered":4,"skipped":0,"pct":100},"statements":{"total":23,"covered":23,"skipped":0,"pct":100},"branches":{"total":6,"covered":6,"skipped":0,"pct":100}}
,"C:\\Users\\mjeni\\OneDrive\\Desktop\\Software-Engineering-Project\\features\\scheduler\\publishers.js": {"lines":{"total":22,"covered":22,"skipped":0,"pct":100},"functions":{"total":3,"covered":3,"skipped":0,"pct":100},"statements":{"total":23,"covered":23,"skipped":0,"pct":100},"branches":{"total":9,"covered":9,"skipped":0,"pct":100}}
}
