{"C:\\Users\\mjeni\\OneDrive\\Desktop\\Software-Engineering-Project\\features\\admin\\backup.js": {"path":"C:\\Users\\mjeni\\OneDrive\\Desktop\\Software-Engineering-Project\\features\\admin\\backup.js","statementMap":{"0":{"start":{"line":6,"column":15},"end":{"line":6,"column":44}},"1":{"start":{"line":7,"column":15},"end":{"line":7,"column":53}},"2":{"start":{"line":13,"column":2},"end":{"line":37,"column":3}},"3":{"start":{"line":14,"column":4},"end":{"line":14,"column":58}},"4":{"start":{"line":15,"column":19},"end":{"line":15,"column":46}},"5":{"start":{"line":17,"column":4},"end":{"line":33,"column":5}},"6":{"start":{"line":18,"column":6},"end":{"line":22,"column":9}},"7":{"start":{"line":23,"column":6},"end":{"line":29,"column":8}},"8":{"start":{"line":31,"column":6},"end":{"line":31,"column":79}},"9":{"start":{"line":32,"column":6},"end":{"line":32,"column":65}},"10":{"start":{"line":35,"column":4},"end":{"line":35,"column":66}},"11":{"start":{"line":36,"column":4},"end":{"line":36,"column":14}},"12":{"start":{"line":44,"column":2},"end":{"line":44,"column":30}},"13":{"start":{"line":52,"column":2},"end":{"line":58,"column":3}},"14":{"start":{"line":53,"column":4},"end":{"line":56,"column":7}},"15":{"start":{"line":57,"column":4},"end":{"line":57,"column":41}},"16":{"start":{"line":60,"column":17},"end":{"line":60,"column":46}},"17":{"start":{"line":62,"column":2},"end":{"line":64,"column":3}},"18":{"start":{"line":63,"column":4},"end":{"line":63,"column":62}},"19":{"start":{"line":66,"column":2},"end":{"line":66,"column":16}},"20":{"start":{"line":74,"column":2},"end":{"line":80,"column":3}},"21":{"start":{"line":75,"column":4},"end":{"line":78,"column":7}},"22":{"start":{"line":79,"column":4},"end":{"line":79,"column":41}},"23":{"start":{"line":82,"column":15},"end":{"line":82,"column":30}},"24":{"start":{"line":83,"column":2},"end":{"line":83,"column":48}},"25":{"start":{"line":86,"column":0},"end":{"line":91,"column":2}}},"fnMap":{"0":{"name":"createBackup","decl":{"start":{"line":12,"column":15},"end":{"line":12,"column":27}},"loc":{"start":{"line":12,"column":37},"end":{"line":38,"column":1}},"line":12},"1":{"name":"listBackups","decl":{"start":{"line":43,"column":9},"end":{"line":43,"column":20}},"loc":{"start":{"line":43,"column":23},"end":{"line":45,"column":1}},"line":43},"2":{"name":"deleteBackup","decl":{"start":{"line":50,"column":9},"end":{"line":50,"column":21}},"loc":{"start":{"line":50,"column":41},"end":{"line":67,"column":1}},"line":50},"3":{"name":"getBackupFilePath","decl":{"start":{"line":72,"column":9},"end":{"line":72,"column":26}},"loc":{"start":{"line":72,"column":46},"end":{"line":84,"column":1}},"line":72}},"branchMap":{"0":{"loc":{"start":{"line":17,"column":4},"end":{"line":33,"column":5}},"type":"if","locations":[{"start":{"line":17,"column":4},"end":{"line":33,"column":5}},{"start":{"line":30,"column":11},"end":{"line":33,"column":5}}],"line":17},"1":{"loc":{"start":{"line":32,"column":22},"end":{"line":32,"column":63}},"type":"binary-expr","locations":[{"start":{"line":32,"column":22},"end":{"line":32,"column":34}},{"start":{"line":32,"column":38},"end":{"line":32,"column":63}}],"line":32},"2":{"loc":{"start":{"line":52,"column":2},"end":{"line":58,"column":3}},"type":"if","locations":[{"start":{"line":52,"column":2},"end":{"line":58,"column":3}},{"start":{},"end":{}}],"line":52},"3":{"loc":{"start":{"line":52,"column":6},"end":{"line":52,"column":82}},"type":"binary-expr","locations":[{"start":{"line":52,"column":6},"end":{"line":52,"column":29}},{"start":{"line":52,"column":33},"end":{"line":52,"column":55}},{"start":{"line":52,"column":59},"end":{"line":52,"column":82}}],"line":52},"4":{"loc":{"start":{"line":62,"column":2},"end":{"line":64,"column":3}},"type":"if","locations":[{"start":{"line":62,"column":2},"end":{"line":64,"column":3}},{"start":{},"end":{}}],"line":62},"5":{"loc":{"start":{"line":74,"column":2},"end":{"line":80,"column":3}},"type":"if","locations":[{"start":{"line":74,"column":2},"end":{"line":80,"column":3}},{"start":{},"end":{}}],"line":74},"6":{"loc":{"start":{"line":74,"column":6},"end":{"line":74,"column":82}},"type":"binary-expr","locations":[{"start":{"line":74,"column":6},"end":{"line":74,"column":29}},{"start":{"line":74,"column":33},"end":{"line":74,"column":55}},{"start":{"line":74,"column":59},"end":{"line":74,"column":82}}],"line":74}},"s":{"0":4,"1":4,"2":1,"3":1,"4":1,"5":1,"6":1,"7":1,"8":0,"9":0,"10":0,"11":0,"12":1,"13":0,"14":0,"15":0,"16":0,"17":0,"18":0,"19":0,"20":0,"21":0,"22":0,"23":0,"24":0,"25":4},"f":{"0":1,"1":1,"2":0,"3":0},"b":{"0":[1,0],"1":[0,0],"2":[0,0],"3":[0,0,0],"4":[0,0],"5":[0,0],"6":[0,0,0]},"_coverageSchema":"1a1c01bbd47fc00a2c39e90264f33305004495a9","hash":"9d60abe453be6b89bdc5a4c5651fd36e38fe4ce1"}
,"C:\\Users\\mjeni\\OneDrive\\Desktop\\Software-Engineering-Project\\features\\admin\\routes.js": {"path":"C:\\Users\\mjeni\\OneDrive\\Desktop\\Software-Engineering-Project\\features\\admin\\routes.js","statementMap":{"0":{"start":{"line":7,"column":16},"end":{"line":7,"column":34}},"1":{"start":{"line":8,"column":35},"end":{"line":8,"column":63}},"2":{"start":{"line":9,"column":15},"end":{"line":9,"column":53}},"3":{"start":{"line":10,"column":19},"end":{"line":10,"column":37}},"4":{"start":{"line":11,"column":21},"end":{"line":11,"column":40}},"5":{"start":{"line":13,"column":15},"end":{"line":13,"column":31}},"6":{"start":{"line":19,"column":0},"end":{"line":29,"column":3}},"7":{"start":{"line":20,"column":2},"end":{"line":28,"column":3}},"8":{"start":{"line":21,"column":18},"end":{"line":21,"column":48}},"9":{"start":{"line":22,"column":18},"end":{"line":22,"column":51}},"10":{"start":{"line":24,"column":4},"end":{"line":24,"column":58}},"11":{"start":{"line":26,"column":4},"end":{"line":26,"column":70}},"12":{"start":{"line":27,"column":4},"end":{"line":27,"column":84}},"13":{"start":{"line":35,"column":0},"end":{"line":52,"column":2}},"14":{"start":{"line":43,"column":4},"end":{"line":50,"column":5}},"15":{"start":{"line":44,"column":25},"end":{"line":44,"column":35}},"16":{"start":{"line":45,"column":6},"end":{"line":45,"column":66}},"17":{"start":{"line":46,"column":6},"end":{"line":46,"column":72}},"18":{"start":{"line":48,"column":6},"end":{"line":48,"column":94}},"19":{"start":{"line":49,"column":6},"end":{"line":49,"column":51}},"20":{"start":{"line":57,"column":0},"end":{"line":74,"column":2}},"21":{"start":{"line":65,"column":4},"end":{"line":72,"column":5}},"22":{"start":{"line":66,"column":25},"end":{"line":66,"column":35}},"23":{"start":{"line":67,"column":6},"end":{"line":67,"column":64}},"24":{"start":{"line":68,"column":6},"end":{"line":68,"column":70}},"25":{"start":{"line":70,"column":6},"end":{"line":70,"column":92}},"26":{"start":{"line":71,"column":6},"end":{"line":71,"column":51}},"27":{"start":{"line":79,"column":0},"end":{"line":96,"column":2}},"28":{"start":{"line":87,"column":4},"end":{"line":94,"column":5}},"29":{"start":{"line":88,"column":25},"end":{"line":88,"column":35}},"30":{"start":{"line":89,"column":6},"end":{"line":89,"column":46}},"31":{"start":{"line":90,"column":6},"end":{"line":90,"column":70}},"32":{"start":{"line":92,"column":6},"end":{"line":92,"column":91}},"33":{"start":{"line":93,"column":6},"end":{"line":93,"column":51}},"34":{"start":{"line":101,"column":0},"end":{"line":118,"column":2}},"35":{"start":{"line":109,"column":4},"end":{"line":116,"column":5}},"36":{"start":{"line":110,"column":25},"end":{"line":110,"column":35}},"37":{"start":{"line":111,"column":6},"end":{"line":111,"column":67}},"38":{"start":{"line":112,"column":6},"end":{"line":112,"column":69}},"39":{"start":{"line":114,"column":6},"end":{"line":114,"column":90}},"40":{"start":{"line":115,"column":6},"end":{"line":115,"column":51}},"41":{"start":{"line":124,"column":0},"end":{"line":158,"column":3}},"42":{"start":{"line":125,"column":2},"end":{"line":157,"column":3}},"43":{"start":{"line":126,"column":16},"end":{"line":126,"column":26}},"44":{"start":{"line":127,"column":16},"end":{"line":127,"column":49}},"45":{"start":{"line":127,"column":23},"end":{"line":127,"column":49}},"46":{"start":{"line":128,"column":21},"end":{"line":128,"column":170}},"47":{"start":{"line":130,"column":4},"end":{"line":133,"column":7}},"48":{"start":{"line":135,"column":15},"end":{"line":135,"column":40}},"49":{"start":{"line":136,"column":19},"end":{"line":140,"column":5}},"50":{"start":{"line":142,"column":4},"end":{"line":145,"column":7}},"51":{"start":{"line":147,"column":4},"end":{"line":153,"column":7}},"52":{"start":{"line":155,"column":4},"end":{"line":155,"column":92}},"53":{"start":{"line":156,"column":4},"end":{"line":156,"column":74}},"54":{"start":{"line":164,"column":0},"end":{"line":172,"column":3}},"55":{"start":{"line":165,"column":2},"end":{"line":171,"column":3}},"56":{"start":{"line":166,"column":19},"end":{"line":166,"column":70}},"57":{"start":{"line":167,"column":4},"end":{"line":167,"column":21}},"58":{"start":{"line":169,"column":4},"end":{"line":169,"column":86}},"59":{"start":{"line":170,"column":4},"end":{"line":170,"column":73}},"60":{"start":{"line":178,"column":0},"end":{"line":186,"column":3}},"61":{"start":{"line":179,"column":2},"end":{"line":185,"column":3}},"62":{"start":{"line":180,"column":20},"end":{"line":180,"column":46}},"63":{"start":{"line":181,"column":4},"end":{"line":181,"column":41}},"64":{"start":{"line":183,"column":4},"end":{"line":183,"column":66}},"65":{"start":{"line":184,"column":4},"end":{"line":184,"column":63}},"66":{"start":{"line":191,"column":0},"end":{"line":207,"column":3}},"67":{"start":{"line":192,"column":2},"end":{"line":206,"column":3}},"68":{"start":{"line":193,"column":25},"end":{"line":193,"column":35}},"69":{"start":{"line":194,"column":21},"end":{"line":194,"column":81}},"70":{"start":{"line":196,"column":4},"end":{"line":196,"column":85}},"71":{"start":{"line":197,"column":4},"end":{"line":202,"column":7}},"72":{"start":{"line":198,"column":6},"end":{"line":201,"column":7}},"73":{"start":{"line":199,"column":8},"end":{"line":199,"column":80}},"74":{"start":{"line":200,"column":8},"end":{"line":200,"column":66}},"75":{"start":{"line":204,"column":4},"end":{"line":204,"column":66}},"76":{"start":{"line":205,"column":4},"end":{"line":205,"column":66}},"77":{"start":{"line":212,"column":0},"end":{"line":226,"column":3}},"78":{"start":{"line":213,"column":2},"end":{"line":225,"column":3}},"79":{"start":{"line":214,"column":25},"end":{"line":214,"column":35}},"80":{"start":{"line":215,"column":19},"end":{"line":215,"column":74}},"81":{"start":{"line":217,"column":4},"end":{"line":221,"column":5}},"82":{"start":{"line":218,"column":6},"end":{"line":218,"column":75}},"83":{"start":{"line":220,"column":6},"end":{"line":220,"column":52}},"84":{"start":{"line":223,"column":4},"end":{"line":223,"column":66}},"85":{"start":{"line":224,"column":4},"end":{"line":224,"column":64}},"86":{"start":{"line":232,"column":0},"end":{"line":240,"column":3}},"87":{"start":{"line":233,"column":2},"end":{"line":239,"column":3}},"88":{"start":{"line":234,"column":18},"end":{"line":234,"column":48}},"89":{"start":{"line":235,"column":4},"end":{"line":235,"column":47}},"90":{"start":{"line":237,"column":4},"end":{"line":237,"column":65}},"91":{"start":{"line":238,"column":4},"end":{"line":238,"column":79}},"92":{"start":{"line":246,"column":0},"end":{"line":256,"column":3}},"93":{"start":{"line":247,"column":2},"end":{"line":255,"column":3}},"94":{"start":{"line":248,"column":23},"end":{"line":248,"column":33}},"95":{"start":{"line":249,"column":28},"end":{"line":249,"column":65}},"96":{"start":{"line":251,"column":4},"end":{"line":251,"column":58}},"97":{"start":{"line":253,"column":4},"end":{"line":253,"column":70}},"98":{"start":{"line":254,"column":4},"end":{"line":254,"column":79}},"99":{"start":{"line":262,"column":0},"end":{"line":271,"column":3}},"100":{"start":{"line":263,"column":2},"end":{"line":270,"column":3}},"101":{"start":{"line":264,"column":31},"end":{"line":264,"column":41}},"102":{"start":{"line":265,"column":4},"end":{"line":265,"column":72}},"103":{"start":{"line":266,"column":4},"end":{"line":266,"column":71}},"104":{"start":{"line":268,"column":4},"end":{"line":268,"column":93}},"105":{"start":{"line":269,"column":4},"end":{"line":269,"column":62}},"106":{"start":{"line":273,"column":0},"end":{"line":273,"column":24}}},"fnMap":{"0":{"name":"(anonymous_0)","decl":{"start":{"line":19,"column":16},"end":{"line":19,"column":17}},"loc":{"start":{"line":19,"column":36},"end":{"line":29,"column":1}},"line":19},"1":{"name":"(anonymous_1)","decl":{"start":{"line":42,"column":2},"end":{"line":42,"column":3}},"loc":{"start":{"line":42,"column":22},"end":{"line":51,"column":3}},"line":42},"2":{"name":"(anonymous_2)","decl":{"start":{"line":64,"column":2},"end":{"line":64,"column":3}},"loc":{"start":{"line":64,"column":22},"end":{"line":73,"column":3}},"line":64},"3":{"name":"(anonymous_3)","decl":{"start":{"line":86,"column":2},"end":{"line":86,"column":3}},"loc":{"start":{"line":86,"column":22},"end":{"line":95,"column":3}},"line":86},"4":{"name":"(anonymous_4)","decl":{"start":{"line":108,"column":2},"end":{"line":108,"column":3}},"loc":{"start":{"line":108,"column":22},"end":{"line":117,"column":3}},"line":108},"5":{"name":"(anonymous_5)","decl":{"start":{"line":124,"column":34},"end":{"line":124,"column":35}},"loc":{"start":{"line":124,"column":54},"end":{"line":158,"column":1}},"line":124},"6":{"name":"(anonymous_6)","decl":{"start":{"line":127,"column":16},"end":{"line":127,"column":17}},"loc":{"start":{"line":127,"column":23},"end":{"line":127,"column":49}},"line":127},"7":{"name":"(anonymous_7)","decl":{"start":{"line":164,"column":23},"end":{"line":164,"column":24}},"loc":{"start":{"line":164,"column":43},"end":{"line":172,"column":1}},"line":164},"8":{"name":"(anonymous_8)","decl":{"start":{"line":178,"column":23},"end":{"line":178,"column":24}},"loc":{"start":{"line":178,"column":37},"end":{"line":186,"column":1}},"line":178},"9":{"name":"(anonymous_9)","decl":{"start":{"line":191,"column":41},"end":{"line":191,"column":42}},"loc":{"start":{"line":191,"column":55},"end":{"line":207,"column":1}},"line":191},"10":{"name":"(anonymous_10)","decl":{"start":{"line":197,"column":37},"end":{"line":197,"column":38}},"loc":{"start":{"line":197,"column":46},"end":{"line":202,"column":5}},"line":197},"11":{"name":"(anonymous_11)","decl":{"start":{"line":212,"column":35},"end":{"line":212,"column":36}},"loc":{"start":{"line":212,"column":49},"end":{"line":226,"column":1}},"line":212},"12":{"name":"(anonymous_12)","decl":{"start":{"line":232,"column":21},"end":{"line":232,"column":22}},"loc":{"start":{"line":232,"column":41},"end":{"line":240,"column":1}},"line":232},"13":{"name":"(anonymous_13)","decl":{"start":{"line":246,"column":35},"end":{"line":246,"column":36}},"loc":{"start":{"line":246,"column":55},"end":{"line":256,"column":1}},"line":246},"14":{"name":"(anonymous_14)","decl":{"start":{"line":262,"column":46},"end":{"line":262,"column":47}},"loc":{"start":{"line":262,"column":66},"end":{"line":271,"column":1}},"line":262}},"branchMap":{"0":{"loc":{"start":{"line":149,"column":15},"end":{"line":151,"column":48}},"type":"cond-expr","locations":[{"start":{"line":150,"column":10},"end":{"line":150,"column":101}},{"start":{"line":151,"column":10},"end":{"line":151,"column":48}}],"line":149},"1":{"loc":{"start":{"line":150,"column":45},"end":{"line":150,"column":83}},"type":"cond-expr","locations":[{"start":{"line":150,"column":66},"end":{"line":150,"column":74}},{"start":{"line":150,"column":77},"end":{"line":150,"column":83}}],"line":150},"2":{"loc":{"start":{"line":198,"column":6},"end":{"line":201,"column":7}},"type":"if","locations":[{"start":{"line":198,"column":6},"end":{"line":201,"column":7}},{"start":{},"end":{}}],"line":198},"3":{"loc":{"start":{"line":217,"column":4},"end":{"line":221,"column":5}},"type":"if","locations":[{"start":{"line":217,"column":4},"end":{"line":221,"column":5}},{"start":{"line":219,"column":11},"end":{"line":221,"column":5}}],"line":217}},"s":{"0":4,"1":4,"2":4,"3":4,"4":4,"5":4,"6":4,"7":1,"8":1,"9":1,"10":1,"11":0,"12":0,"13":4,"14":1,"15":1,"16":1,"17":1,"18":0,"19":0,"20":4,"21":1,"22":1,"23":1,"24":1,"25":0,"26":0,"27":4,"28":0,"29":0,"30":0,"31":0,"32":0,"33":0,"34":4,"35":0,"36":0,"37":0,"38":0,"39":0,"40":0,"41":4,"42":1,"43":1,"44":1,"45":6,"46":1,"47":1,"48":1,"49":1,"50":1,"51":1,"52":0,"53":0,"54":4,"55":1,"56":1,"57":1,"58":0,"59":0,"60":4,"61":1,"62":1,"63":1,"64":0,"65":0,"66":4,"67":0,"68":0,"69":0,"70":0,"71":0,"72":0,"73":0,"74":0,"75":0,"76":0,"77":4,"78":0,"79":0,"80":0,"81":0,"82":0,"83":0,"84":0,"85":0,"86":4,"87":1,"88":1,"89":1,"90":0,"91":0,"92":4,"93":0,"94":0,"95":0,"96":0,"97":0,"98":0,"99":4,"100":0,"101":0,"102":0,"103":0,"104":0,"105":0,"106":4},"f":{"0":1,"1":1,"2":1,"3":0,"4":0,"5":1,"6":6,"7":1,"8":1,"9":0,"10":0,"11":0,"12":1,"13":0,"14":0},"b":{"0":[0,1],"1":[0,0],"2":[0,0],"3":[0,0]},"_coverageSchema":"1a1c01bbd47fc00a2c39e90264f33305004495a9","hash":"03b4d3ba811b2b2d352d017a311eff81c04f59ca"}
,"C:\\Users\\mjeni\\OneDrive\\Desktop\\Software-Engineering-Project\\features\\admin\\users.js": {"path":"C:\\Users\\mjeni\\OneDrive\\Desktop\\Software-Engineering-Project\\features\\admin\\users.js","statementMap":{"0":{"start":{"line":6,"column":11},"end":{"line":6,"column":36}},"1":{"start":{"line":7,"column":15},"end":{"line":7,"column":53}},"2":{"start":{"line":13,"column":16},"end":{"line":15,"column":3}},"3":{"start":{"line":16,"column":2},"end":{"line":16,"column":15}},"4":{"start":{"line":23,"column":16},"end":{"line":31,"column":4}},"5":{"start":{"line":32,"column":2},"end":{"line":32,"column":15}},"6":{"start":{"line":40,"column":2},"end":{"line":42,"column":3}},"7":{"start":{"line":41,"column":4},"end":{"line":41,"column":58}},"8":{"start":{"line":44,"column":15},"end":{"line":44,"column":87}},"9":{"start":{"line":45,"column":2},"end":{"line":47,"column":3}},"10":{"start":{"line":46,"column":4},"end":{"line":46,"column":38}},"11":{"start":{"line":49,"column":17},"end":{"line":52,"column":3}},"12":{"start":{"line":54,"column":2},"end":{"line":58,"column":5}},"13":{"start":{"line":60,"column":2},"end":{"line":60,"column":16}},"14":{"start":{"line":67,"column":15},"end":{"line":67,"column":81}},"15":{"start":{"line":68,"column":2},"end":{"line":70,"column":3}},"16":{"start":{"line":69,"column":4},"end":{"line":69,"column":38}},"17":{"start":{"line":72,"column":17},"end":{"line":75,"column":3}},"18":{"start":{"line":77,"column":2},"end":{"line":81,"column":5}},"19":{"start":{"line":83,"column":2},"end":{"line":83,"column":16}},"20":{"start":{"line":90,"column":15},"end":{"line":90,"column":76}},"21":{"start":{"line":91,"column":2},"end":{"line":93,"column":3}},"22":{"start":{"line":92,"column":4},"end":{"line":92,"column":38}},"23":{"start":{"line":95,"column":2},"end":{"line":97,"column":3}},"24":{"start":{"line":96,"column":4},"end":{"line":96,"column":48}},"25":{"start":{"line":99,"column":17},"end":{"line":102,"column":3}},"26":{"start":{"line":104,"column":2},"end":{"line":104,"column":16}},"27":{"start":{"line":112,"column":2},"end":{"line":114,"column":3}},"28":{"start":{"line":113,"column":4},"end":{"line":113,"column":54}},"29":{"start":{"line":116,"column":15},"end":{"line":116,"column":76}},"30":{"start":{"line":117,"column":2},"end":{"line":119,"column":3}},"31":{"start":{"line":118,"column":4},"end":{"line":118,"column":38}},"32":{"start":{"line":121,"column":2},"end":{"line":123,"column":3}},"33":{"start":{"line":122,"column":4},"end":{"line":122,"column":44}},"34":{"start":{"line":125,"column":17},"end":{"line":128,"column":3}},"35":{"start":{"line":130,"column":2},"end":{"line":130,"column":16}},"36":{"start":{"line":137,"column":15},"end":{"line":140,"column":3}},"37":{"start":{"line":142,"column":2},"end":{"line":144,"column":3}},"38":{"start":{"line":143,"column":4},"end":{"line":143,"column":38}},"39":{"start":{"line":146,"column":16},"end":{"line":150,"column":3}},"40":{"start":{"line":152,"column":2},"end":{"line":152,"column":25}},"41":{"start":{"line":159,"column":15},"end":{"line":162,"column":3}},"42":{"start":{"line":164,"column":2},"end":{"line":166,"column":3}},"43":{"start":{"line":165,"column":4},"end":{"line":165,"column":38}},"44":{"start":{"line":169,"column":2},"end":{"line":169,"column":59}},"45":{"start":{"line":172,"column":2},"end":{"line":179,"column":3}},"46":{"start":{"line":173,"column":15},"end":{"line":173,"column":28}},"47":{"start":{"line":174,"column":17},"end":{"line":174,"column":32}},"48":{"start":{"line":175,"column":22},"end":{"line":175,"column":75}},"49":{"start":{"line":176,"column":4},"end":{"line":178,"column":5}},"50":{"start":{"line":177,"column":6},"end":{"line":177,"column":31}},"51":{"start":{"line":181,"column":2},"end":{"line":185,"column":5}},"52":{"start":{"line":187,"column":2},"end":{"line":187,"column":14}},"53":{"start":{"line":190,"column":0},"end":{"line":199,"column":2}}},"fnMap":{"0":{"name":"getAllUsers","decl":{"start":{"line":12,"column":15},"end":{"line":12,"column":26}},"loc":{"start":{"line":12,"column":29},"end":{"line":17,"column":1}},"line":12},"1":{"name":"getSystemStats","decl":{"start":{"line":22,"column":15},"end":{"line":22,"column":29}},"loc":{"start":{"line":22,"column":32},"end":{"line":33,"column":1}},"line":22},"2":{"name":"deactivateUser","decl":{"start":{"line":38,"column":15},"end":{"line":38,"column":29}},"loc":{"start":{"line":38,"column":47},"end":{"line":61,"column":1}},"line":38},"3":{"name":"activateUser","decl":{"start":{"line":66,"column":15},"end":{"line":66,"column":27}},"loc":{"start":{"line":66,"column":45},"end":{"line":84,"column":1}},"line":66},"4":{"name":"promoteToAdmin","decl":{"start":{"line":89,"column":15},"end":{"line":89,"column":29}},"loc":{"start":{"line":89,"column":38},"end":{"line":105,"column":1}},"line":89},"5":{"name":"demoteFromAdmin","decl":{"start":{"line":110,"column":15},"end":{"line":110,"column":30}},"loc":{"start":{"line":110,"column":48},"end":{"line":131,"column":1}},"line":110},"6":{"name":"getUserPosts","decl":{"start":{"line":136,"column":15},"end":{"line":136,"column":27}},"loc":{"start":{"line":136,"column":36},"end":{"line":153,"column":1}},"line":136},"7":{"name":"deleteUserPost","decl":{"start":{"line":158,"column":15},"end":{"line":158,"column":29}},"loc":{"start":{"line":158,"column":55},"end":{"line":188,"column":1}},"line":158}},"branchMap":{"0":{"loc":{"start":{"line":40,"column":2},"end":{"line":42,"column":3}},"type":"if","locations":[{"start":{"line":40,"column":2},"end":{"line":42,"column":3}},{"start":{},"end":{}}],"line":40},"1":{"loc":{"start":{"line":45,"column":2},"end":{"line":47,"column":3}},"type":"if","locations":[{"start":{"line":45,"column":2},"end":{"line":47,"column":3}},{"start":{},"end":{}}],"line":45},"2":{"loc":{"start":{"line":68,"column":2},"end":{"line":70,"column":3}},"type":"if","locations":[{"start":{"line":68,"column":2},"end":{"line":70,"column":3}},{"start":{},"end":{}}],"line":68},"3":{"loc":{"start":{"line":91,"column":2},"end":{"line":93,"column":3}},"type":"if","locations":[{"start":{"line":91,"column":2},"end":{"line":93,"column":3}},{"start":{},"end":{}}],"line":91},"4":{"loc":{"start":{"line":95,"column":2},"end":{"line":97,"column":3}},"type":"if","locations":[{"start":{"line":95,"column":2},"end":{"line":97,"column":3}},{"start":{},"end":{}}],"line":95},"5":{"loc":{"start":{"line":112,"column":2},"end":{"line":114,"column":3}},"type":"if","locations":[{"start":{"line":112,"column":2},"end":{"line":114,"column":3}},{"start":{},"end":{}}],"line":112},"6":{"loc":{"start":{"line":117,"column":2},"end":{"line":119,"column":3}},"type":"if","locations":[{"start":{"line":117,"column":2},"end":{"line":119,"column":3}},{"start":{},"end":{}}],"line":117},"7":{"loc":{"start":{"line":121,"column":2},"end":{"line":123,"column":3}},"type":"if","locations":[{"start":{"line":121,"column":2},"end":{"line":123,"column":3}},{"start":{},"end":{}}],"line":121},"8":{"loc":{"start":{"line":142,"column":2},"end":{"line":144,"column":3}},"type":"if","locations":[{"start":{"line":142,"column":2},"end":{"line":144,"column":3}},{"start":{},"end":{}}],"line":142},"9":{"loc":{"start":{"line":164,"column":2},"end":{"line":166,"column":3}},"type":"if","locations":[{"start":{"line":164,"column":2},"end":{"line":166,"column":3}},{"start":{},"end":{}}],"line":164},"10":{"loc":{"start":{"line":172,"column":2},"end":{"line":179,"column":3}},"type":"if","locations":[{"start":{"line":172,"column":2},"end":{"line":179,"column":3}},{"start":{},"end":{}}],"line":172},"11":{"loc":{"start":{"line":176,"column":4},"end":{"line":178,"column":5}},"type":"if","locations":[{"start":{"line":176,"column":4},"end":{"line":178,"column":5}},{"start":{},"end":{}}],"line":176}},"s":{"0":5,"1":5,"2":3,"3":3,"4":2,"5":2,"6":1,"7":0,"8":1,"9":1,"10":0,"11":1,"12":1,"13":1,"14":1,"15":1,"16":0,"17":1,"18":1,"19":1,"20":0,"21":0,"22":0,"23":0,"24":0,"25":0,"26":0,"27":0,"28":0,"29":0,"30":0,"31":0,"32":0,"33":0,"34":0,"35":0,"36":0,"37":0,"38":0,"39":0,"40":0,"41":0,"42":0,"43":0,"44":0,"45":0,"46":0,"47":0,"48":0,"49":0,"50":0,"51":0,"52":0,"53":5},"f":{"0":3,"1":2,"2":1,"3":1,"4":0,"5":0,"6":0,"7":0},"b":{"0":[0,1],"1":[0,1],"2":[0,1],"3":[0,0],"4":[0,0],"5":[0,0],"6":[0,0],"7":[0,0],"8":[0,0],"9":[0,0],"10":[0,0],"11":[0,0]},"_coverageSchema":"1a1c01bbd47fc00a2c39e90264f33305004495a9","hash":"92925d609834706c1d8463a30c701d1d0ad0fca3"}
,"C:\\Users\\mjeni\\OneDrive\\Desktop\\Software-Engineering-Project\\features\\analytics\\queries.js": {"path":"C:\\Users\\mjeni\\OneDrive\\Desktop\\Software-Engineering-Project\\features\\analytics\\queries.js","statementMap":{"0":{"start":{"line":6,"column":11},"end":{"line":6,"column":36}},"1":{"start":{"line":12,"column":20},"end":{"line":19,"column":3}},"2":{"start":{"line":21,"column":2},"end":{"line":21,"column":19}},"3":{"start":{"line":28,"column":22},"end":{"line":39,"column":3}},"4":{"start":{"line":41,"column":2},"end":{"line":41,"column":21}},"5":{"start":{"line":44,"column":0},"end":{"line":47,"column":2}}},"fnMap":{"0":{"name":"getUserAnalytics","decl":{"start":{"line":11,"column":15},"end":{"line":11,"column":31}},"loc":{"start":{"line":11,"column":40},"end":{"line":22,"column":1}},"line":11},"1":{"name":"getMonthlyBreakdown","decl":{"start":{"line":27,"column":15},"end":{"line":27,"column":34}},"loc":{"start":{"line":27,"column":55},"end":{"line":42,"column":1}},"line":27}},"branchMap":{"0":{"loc":{"start":{"line":27,"column":43},"end":{"line":27,"column":53}},"type":"default-arg","locations":[{"start":{"line":27,"column":51},"end":{"line":27,"column":53}}],"line":27}},"s":{"0":4,"1":0,"2":0,"3":0,"4":0,"5":4},"f":{"0":0,"1":0},"b":{"0":[0]},"_coverageSchema":"1a1c01bbd47fc00a2c39e90264f33305004495a9","hash":"1342545fef63ada25852876f96b76efaed5fa3e0"}
,"C:\\Users\\mjeni\\OneDrive\\Desktop\\Software-Engineering-Project\\features\\analytics\\routes.js": {"path":"C:\\Users\\mjeni\\OneDrive\\Desktop\\Software-Engineering-Project\\features\\analytics\\routes.js","statementMap":{"0":{"start":{"line":7,"column":16},"end":{"line":7,"column":34}},"1":{"start":{"line":8,"column":15},"end":{"line":8,"column":53}},"2":{"start":{"line":9,"column":16},"end":{"line":9,"column":36}},"3":{"start":{"line":10,"column":15},"end":{"line":10,"column":34}},"4":{"start":{"line":12,"column":15},"end":{"line":12,"column":31}},"5":{"start":{"line":18,"column":0},"end":{"line":32,"column":3}},"6":{"start":{"line":19,"column":2},"end":{"line":31,"column":3}},"7":{"start":{"line":20,"column":22},"end":{"line":20,"column":72}},"8":{"start":{"line":21,"column":24},"end":{"line":21,"column":102}},"9":{"start":{"line":23,"column":4},"end":{"line":27,"column":7}},"10":{"start":{"line":29,"column":4},"end":{"line":29,"column":88}},"11":{"start":{"line":30,"column":4},"end":{"line":30,"column":78}},"12":{"start":{"line":34,"column":0},"end":{"line":34,"column":24}}},"fnMap":{"0":{"name":"(anonymous_0)","decl":{"start":{"line":18,"column":16},"end":{"line":18,"column":17}},"loc":{"start":{"line":18,"column":36},"end":{"line":32,"column":1}},"line":18}},"branchMap":{},"s":{"0":4,"1":4,"2":4,"3":4,"4":4,"5":4,"6":0,"7":0,"8":0,"9":0,"10":0,"11":0,"12":4},"f":{"0":0},"b":{},"_coverageSchema":"1a1c01bbd47fc00a2c39e90264f33305004495a9","hash":"65c93d0e786aa83fb11d0cf554fc794af03da17b"}
,"C:\\Users\\mjeni\\OneDrive\\Desktop\\Software-Engineering-Project\\features\\auth\\middleware.js": {"path":"C:\\Users\\mjeni\\OneDrive\\Desktop\\Software-Engineering-Project\\features\\auth\\middleware.js","statementMap":{"0":{"start":{"line":6,"column":15},"end":{"line":6,"column":53}},"1":{"start":{"line":7,"column":15},"end":{"line":7,"column":34}},"2":{"start":{"line":14,"column":24},"end":{"line":36,"column":1}},"3":{"start":{"line":15,"column":2},"end":{"line":35,"column":3}},"4":{"start":{"line":17,"column":16},"end":{"line":17,"column":26}},"5":{"start":{"line":18,"column":25},"end":{"line":18,"column":56}},"6":{"start":{"line":19,"column":23},"end":{"line":19,"column":41}},"7":{"start":{"line":21,"column":4},"end":{"line":28,"column":5}},"8":{"start":{"line":22,"column":6},"end":{"line":22,"column":81}},"9":{"start":{"line":23,"column":6},"end":{"line":25,"column":9}},"10":{"start":{"line":24,"column":8},"end":{"line":24,"column":79}},"11":{"start":{"line":24,"column":17},"end":{"line":24,"column":79}},"12":{"start":{"line":26,"column":6},"end":{"line":26,"column":79}},"13":{"start":{"line":27,"column":6},"end":{"line":27,"column":41}},"14":{"start":{"line":31,"column":4},"end":{"line":31,"column":35}},"15":{"start":{"line":32,"column":4},"end":{"line":32,"column":11}},"16":{"start":{"line":34,"column":4},"end":{"line":34,"column":32}},"17":{"start":{"line":42,"column":16},"end":{"line":55,"column":1}},"18":{"start":{"line":43,"column":2},"end":{"line":54,"column":3}},"19":{"start":{"line":44,"column":4},"end":{"line":44,"column":11}},"20":{"start":{"line":46,"column":4},"end":{"line":50,"column":7}},"21":{"start":{"line":51,"column":4},"end":{"line":53,"column":7}},"22":{"start":{"line":57,"column":0},"end":{"line":60,"column":2}}},"fnMap":{"0":{"name":"(anonymous_0)","decl":{"start":{"line":14,"column":24},"end":{"line":14,"column":25}},"loc":{"start":{"line":14,"column":44},"end":{"line":36,"column":1}},"line":14},"1":{"name":"(anonymous_1)","decl":{"start":{"line":23,"column":26},"end":{"line":23,"column":27}},"loc":{"start":{"line":23,"column":35},"end":{"line":25,"column":7}},"line":23},"2":{"name":"(anonymous_2)","decl":{"start":{"line":42,"column":16},"end":{"line":42,"column":17}},"loc":{"start":{"line":42,"column":36},"end":{"line":55,"column":1}},"line":42}},"branchMap":{"0":{"loc":{"start":{"line":15,"column":2},"end":{"line":35,"column":3}},"type":"if","locations":[{"start":{"line":15,"column":2},"end":{"line":35,"column":3}},{"start":{"line":33,"column":9},"end":{"line":35,"column":3}}],"line":15},"1":{"loc":{"start":{"line":15,"column":6},"end":{"line":15,"column":39}},"type":"binary-expr","locations":[{"start":{"line":15,"column":6},"end":{"line":15,"column":17}},{"start":{"line":15,"column":21},"end":{"line":15,"column":39}}],"line":15},"2":{"loc":{"start":{"line":18,"column":25},"end":{"line":18,"column":56}},"type":"binary-expr","locations":[{"start":{"line":18,"column":25},"end":{"line":18,"column":49}},{"start":{"line":18,"column":53},"end":{"line":18,"column":56}}],"line":18},"3":{"loc":{"start":{"line":21,"column":4},"end":{"line":28,"column":5}},"type":"if","locations":[{"start":{"line":21,"column":4},"end":{"line":28,"column":5}},{"start":{},"end":{}}],"line":21},"4":{"loc":{"start":{"line":24,"column":8},"end":{"line":24,"column":79}},"type":"if","locations":[{"start":{"line":24,"column":8},"end":{"line":24,"column":79}},{"start":{},"end":{}}],"line":24},"5":{"loc":{"start":{"line":43,"column":2},"end":{"line":54,"column":3}},"type":"if","locations":[{"start":{"line":43,"column":2},"end":{"line":54,"column":3}},{"start":{"line":45,"column":9},"end":{"line":54,"column":3}}],"line":43},"6":{"loc":{"start":{"line":43,"column":6},"end":{"line":43,"column":75}},"type":"binary-expr","locations":[{"start":{"line":43,"column":6},"end":{"line":43,"column":17}},{"start":{"line":43,"column":21},"end":{"line":43,"column":39}},{"start":{"line":43,"column":43},"end":{"line":43,"column":75}}],"line":43}},"s":{"0":4,"1":4,"2":4,"3":17,"4":17,"5":17,"6":17,"7":17,"8":0,"9":0,"10":0,"11":0,"12":0,"13":0,"14":17,"15":17,"16":0,"17":4,"18":8,"19":7,"20":1,"21":1,"22":4},"f":{"0":17,"1":0,"2":8},"b":{"0":[17,0],"1":[17,17],"2":[17,0],"3":[0,17],"4":[0,0],"5":[7,1],"6":[8,8,8]},"_coverageSchema":"1a1c01bbd47fc00a2c39e90264f33305004495a9","hash":"2b87d601c7dfc6564ebad564a02f63bc2313537c"}
,"C:\\Users\\mjeni\\OneDrive\\Desktop\\Software-Engineering-Project\\features\\auth\\routes.js": {"path":"C:\\Users\\mjeni\\OneDrive\\Desktop\\Software-Engineering-Project\\features\\auth\\routes.js","statementMap":{"0":{"start":{"line":9,"column":16},"end":{"line":9,"column":34}},"1":{"start":{"line":10,"column":15},"end":{"line":10,"column":32}},"2":{"start":{"line":11,"column":11},"end":{"line":11,"column":36}},"3":{"start":{"line":12,"column":15},"end":{"line":12,"column":53}},"4":{"start":{"line":13,"column":20},"end":{"line":13,"column":65}},"5":{"start":{"line":14,"column":18},"end":{"line":14,"column":60}},"6":{"start":{"line":15,"column":19},"end":{"line":15,"column":42}},"7":{"start":{"line":16,"column":15},"end":{"line":16,"column":34}},"8":{"start":{"line":18,"column":15},"end":{"line":18,"column":31}},"9":{"start":{"line":23,"column":0},"end":{"line":25,"column":3}},"10":{"start":{"line":24,"column":2},"end":{"line":24,"column":46}},"11":{"start":{"line":33,"column":0},"end":{"line":87,"column":2}},"12":{"start":{"line":37,"column":19},"end":{"line":37,"column":54}},"13":{"start":{"line":38,"column":4},"end":{"line":41,"column":5}},"14":{"start":{"line":39,"column":6},"end":{"line":39,"column":80}},"15":{"start":{"line":40,"column":6},"end":{"line":40,"column":69}},"16":{"start":{"line":43,"column":4},"end":{"line":85,"column":5}},"17":{"start":{"line":44,"column":34},"end":{"line":44,"column":42}},"18":{"start":{"line":47,"column":30},"end":{"line":47,"column":80}},"19":{"start":{"line":48,"column":6},"end":{"line":53,"column":7}},"20":{"start":{"line":49,"column":8},"end":{"line":49,"column":109}},"21":{"start":{"line":50,"column":8},"end":{"line":52,"column":11}},"22":{"start":{"line":56,"column":27},"end":{"line":59,"column":7}},"23":{"start":{"line":61,"column":6},"end":{"line":66,"column":7}},"24":{"start":{"line":62,"column":8},"end":{"line":62,"column":75}},"25":{"start":{"line":63,"column":8},"end":{"line":65,"column":11}},"26":{"start":{"line":69,"column":27},"end":{"line":69,"column":75}},"27":{"start":{"line":72,"column":21},"end":{"line":75,"column":7}},"28":{"start":{"line":77,"column":6},"end":{"line":77,"column":84}},"29":{"start":{"line":78,"column":6},"end":{"line":78,"column":74}},"30":{"start":{"line":79,"column":6},"end":{"line":79,"column":34}},"31":{"start":{"line":81,"column":6},"end":{"line":81,"column":65}},"32":{"start":{"line":82,"column":6},"end":{"line":84,"column":9}},"33":{"start":{"line":92,"column":0},"end":{"line":95,"column":3}},"34":{"start":{"line":93,"column":21},"end":{"line":93,"column":52}},"35":{"start":{"line":94,"column":2},"end":{"line":94,"column":55}},"36":{"start":{"line":104,"column":0},"end":{"line":195,"column":2}},"37":{"start":{"line":108,"column":19},"end":{"line":108,"column":54}},"38":{"start":{"line":109,"column":4},"end":{"line":115,"column":5}},"39":{"start":{"line":110,"column":6},"end":{"line":110,"column":73}},"40":{"start":{"line":111,"column":6},"end":{"line":114,"column":9}},"41":{"start":{"line":117,"column":4},"end":{"line":193,"column":5}},"42":{"start":{"line":118,"column":34},"end":{"line":118,"column":42}},"43":{"start":{"line":121,"column":30},"end":{"line":121,"column":66}},"44":{"start":{"line":122,"column":6},"end":{"line":128,"column":7}},"45":{"start":{"line":123,"column":8},"end":{"line":123,"column":116}},"46":{"start":{"line":124,"column":8},"end":{"line":127,"column":11}},"47":{"start":{"line":131,"column":30},"end":{"line":131,"column":80}},"48":{"start":{"line":132,"column":6},"end":{"line":138,"column":7}},"49":{"start":{"line":133,"column":8},"end":{"line":133,"column":102}},"50":{"start":{"line":134,"column":8},"end":{"line":137,"column":11}},"51":{"start":{"line":141,"column":19},"end":{"line":144,"column":7}},"52":{"start":{"line":146,"column":6},"end":{"line":152,"column":7}},"53":{"start":{"line":147,"column":8},"end":{"line":147,"column":72}},"54":{"start":{"line":148,"column":8},"end":{"line":151,"column":11}},"55":{"start":{"line":155,"column":6},"end":{"line":161,"column":7}},"56":{"start":{"line":156,"column":8},"end":{"line":156,"column":90}},"57":{"start":{"line":157,"column":8},"end":{"line":160,"column":11}},"58":{"start":{"line":164,"column":28},"end":{"line":164,"column":78}},"59":{"start":{"line":166,"column":6},"end":{"line":172,"column":7}},"60":{"start":{"line":167,"column":8},"end":{"line":167,"column":93}},"61":{"start":{"line":168,"column":8},"end":{"line":171,"column":11}},"62":{"start":{"line":175,"column":6},"end":{"line":175,"column":44}},"63":{"start":{"line":178,"column":6},"end":{"line":178,"column":35}},"64":{"start":{"line":179,"column":6},"end":{"line":179,"column":41}},"65":{"start":{"line":180,"column":6},"end":{"line":180,"column":39}},"66":{"start":{"line":181,"column":6},"end":{"line":181,"column":41}},"67":{"start":{"line":182,"column":6},"end":{"line":182,"column":44}},"68":{"start":{"line":184,"column":6},"end":{"line":184,"column":106}},"69":{"start":{"line":185,"column":6},"end":{"line":185,"column":48}},"70":{"start":{"line":186,"column":6},"end":{"line":186,"column":33}},"71":{"start":{"line":188,"column":6},"end":{"line":188,"column":81}},"72":{"start":{"line":189,"column":6},"end":{"line":192,"column":9}},"73":{"start":{"line":200,"column":0},"end":{"line":212,"column":3}},"74":{"start":{"line":201,"column":17},"end":{"line":201,"column":35}},"75":{"start":{"line":202,"column":16},"end":{"line":202,"column":37}},"76":{"start":{"line":204,"column":2},"end":{"line":211,"column":5}},"77":{"start":{"line":205,"column":4},"end":{"line":209,"column":5}},"78":{"start":{"line":206,"column":6},"end":{"line":206,"column":67}},"79":{"start":{"line":208,"column":6},"end":{"line":208,"column":56}},"80":{"start":{"line":210,"column":4},"end":{"line":210,"column":32}},"81":{"start":{"line":214,"column":0},"end":{"line":214,"column":24}}},"fnMap":{"0":{"name":"(anonymous_0)","decl":{"start":{"line":23,"column":24},"end":{"line":23,"column":25}},"loc":{"start":{"line":23,"column":38},"end":{"line":25,"column":1}},"line":23},"1":{"name":"(anonymous_1)","decl":{"start":{"line":36,"column":2},"end":{"line":36,"column":3}},"loc":{"start":{"line":36,"column":22},"end":{"line":86,"column":3}},"line":36},"2":{"name":"(anonymous_2)","decl":{"start":{"line":92,"column":21},"end":{"line":92,"column":22}},"loc":{"start":{"line":92,"column":35},"end":{"line":95,"column":1}},"line":92},"3":{"name":"(anonymous_3)","decl":{"start":{"line":107,"column":2},"end":{"line":107,"column":3}},"loc":{"start":{"line":107,"column":22},"end":{"line":194,"column":3}},"line":107},"4":{"name":"(anonymous_4)","decl":{"start":{"line":200,"column":22},"end":{"line":200,"column":23}},"loc":{"start":{"line":200,"column":36},"end":{"line":212,"column":1}},"line":200},"5":{"name":"(anonymous_5)","decl":{"start":{"line":204,"column":22},"end":{"line":204,"column":23}},"loc":{"start":{"line":204,"column":31},"end":{"line":211,"column":3}},"line":204}},"branchMap":{"0":{"loc":{"start":{"line":38,"column":4},"end":{"line":41,"column":5}},"type":"if","locations":[{"start":{"line":38,"column":4},"end":{"line":41,"column":5}},{"start":{},"end":{}}],"line":38},"1":{"loc":{"start":{"line":48,"column":6},"end":{"line":53,"column":7}},"type":"if","locations":[{"start":{"line":48,"column":6},"end":{"line":53,"column":7}},{"start":{},"end":{}}],"line":48},"2":{"loc":{"start":{"line":61,"column":6},"end":{"line":66,"column":7}},"type":"if","locations":[{"start":{"line":61,"column":6},"end":{"line":66,"column":7}},{"start":{},"end":{}}],"line":61},"3":{"loc":{"start":{"line":109,"column":4},"end":{"line":115,"column":5}},"type":"if","locations":[{"start":{"line":109,"column":4},"end":{"line":115,"column":5}},{"start":{},"end":{}}],"line":109},"4":{"loc":{"start":{"line":122,"column":6},"end":{"line":128,"column":7}},"type":"if","locations":[{"start":{"line":122,"column":6},"end":{"line":128,"column":7}},{"start":{},"end":{}}],"line":122},"5":{"loc":{"start":{"line":132,"column":6},"end":{"line":138,"column":7}},"type":"if","locations":[{"start":{"line":132,"column":6},"end":{"line":138,"column":7}},{"start":{},"end":{}}],"line":132},"6":{"loc":{"start":{"line":146,"column":6},"end":{"line":152,"column":7}},"type":"if","locations":[{"start":{"line":146,"column":6},"end":{"line":152,"column":7}},{"start":{},"end":{}}],"line":146},"7":{"loc":{"start":{"line":155,"column":6},"end":{"line":161,"column":7}},"type":"if","locations":[{"start":{"line":155,"column":6},"end":{"line":161,"column":7}},{"start":{},"end":{}}],"line":155},"8":{"loc":{"start":{"line":166,"column":6},"end":{"line":172,"column":7}},"type":"if","locations":[{"start":{"line":166,"column":6},"end":{"line":172,"column":7}},{"start":{},"end":{}}],"line":166},"9":{"loc":{"start":{"line":205,"column":4},"end":{"line":209,"column":5}},"type":"if","locations":[{"start":{"line":205,"column":4},"end":{"line":209,"column":5}},{"start":{"line":207,"column":11},"end":{"line":209,"column":5}}],"line":205}},"s":{"0":4,"1":4,"2":4,"3":4,"4":4,"5":4,"6":4,"7":4,"8":4,"9":4,"10":1,"11":4,"12":11,"13":11,"14":0,"15":0,"16":11,"17":11,"18":11,"19":11,"20":0,"21":0,"22":11,"23":11,"24":7,"25":7,"26":4,"27":4,"28":4,"29":4,"30":4,"31":0,"32":0,"33":4,"34":0,"35":0,"36":4,"37":24,"38":24,"39":0,"40":0,"41":24,"42":24,"43":24,"44":24,"45":0,"46":0,"47":24,"48":24,"49":0,"50":0,"51":24,"52":24,"53":0,"54":0,"55":24,"56":1,"57":1,"58":23,"59":23,"60":1,"61":1,"62":22,"63":22,"64":22,"65":22,"66":22,"67":22,"68":22,"69":22,"70":22,"71":0,"72":0,"73":4,"74":0,"75":0,"76":0,"77":0,"78":0,"79":0,"80":0,"81":4},"f":{"0":1,"1":11,"2":0,"3":24,"4":0,"5":0},"b":{"0":[0,11],"1":[0,11],"2":[7,4],"3":[0,24],"4":[0,24],"5":[0,24],"6":[0,24],"7":[1,23],"8":[1,22],"9":[0,0]},"_coverageSchema":"1a1c01bbd47fc00a2c39e90264f33305004495a9","hash":"de7309e89644a7d6b4ed4388576c61a708e13b8b"}
,"C:\\Users\\mjeni\\OneDrive\\Desktop\\Software-Engineering-Project\\features\\auth\\validators.js": {"path":"C:\\Users\\mjeni\\OneDrive\\Desktop\\Software-Engineering-Project\\features\\auth\\validators.js","statementMap":{"0":{"start":{"line":6,"column":35},"end":{"line":6,"column":63}},"1":{"start":{"line":7,"column":18},"end":{"line":7,"column":60}},"2":{"start":{"line":8,"column":15},"end":{"line":8,"column":34}},"3":{"start":{"line":13,"column":31},"end":{"line":33,"column":1}},"4":{"start":{"line":20,"column":6},"end":{"line":22,"column":7}},"5":{"start":{"line":21,"column":8},"end":{"line":21,"column":48}},"6":{"start":{"line":23,"column":6},"end":{"line":23,"column":18}},"7":{"start":{"line":31,"column":32},"end":{"line":31,"column":59}},"8":{"start":{"line":38,"column":24},"end":{"line":52,"column":1}},"9":{"start":{"line":44,"column":6},"end":{"line":46,"column":7}},"10":{"start":{"line":45,"column":8},"end":{"line":45,"column":48}},"11":{"start":{"line":47,"column":6},"end":{"line":47,"column":18}},"12":{"start":{"line":58,"column":2},"end":{"line":58,"column":31}},"13":{"start":{"line":61,"column":0},"end":{"line":65,"column":2}}},"fnMap":{"0":{"name":"(anonymous_0)","decl":{"start":{"line":18,"column":12},"end":{"line":18,"column":13}},"loc":{"start":{"line":18,"column":23},"end":{"line":24,"column":5}},"line":18},"1":{"name":"(anonymous_1)","decl":{"start":{"line":31,"column":12},"end":{"line":31,"column":13}},"loc":{"start":{"line":31,"column":32},"end":{"line":31,"column":59}},"line":31},"2":{"name":"(anonymous_2)","decl":{"start":{"line":43,"column":12},"end":{"line":43,"column":13}},"loc":{"start":{"line":43,"column":23},"end":{"line":48,"column":5}},"line":43},"3":{"name":"getValidationErrors","decl":{"start":{"line":57,"column":9},"end":{"line":57,"column":28}},"loc":{"start":{"line":57,"column":34},"end":{"line":59,"column":1}},"line":57}},"branchMap":{"0":{"loc":{"start":{"line":20,"column":6},"end":{"line":22,"column":7}},"type":"if","locations":[{"start":{"line":20,"column":6},"end":{"line":22,"column":7}},{"start":{},"end":{}}],"line":20},"1":{"loc":{"start":{"line":44,"column":6},"end":{"line":46,"column":7}},"type":"if","locations":[{"start":{"line":44,"column":6},"end":{"line":46,"column":7}},{"start":{},"end":{}}],"line":44},"2":{"loc":{"start":{"line":44,"column":10},"end":{"line":44,"column":79}},"type":"binary-expr","locations":[{"start":{"line":44,"column":10},"end":{"line":44,"column":38}},{"start":{"line":44,"column":42},"end":{"line":44,"column":79}}],"line":44}},"s":{"0":4,"1":4,"2":4,"3":4,"4":11,"5":0,"6":11,"7":11,"8":4,"9":24,"10":0,"11":24,"12":35,"13":4},"f":{"0":11,"1":11,"2":24,"3":35},"b":{"0":[0,11],"1":[0,24],"2":[24,24]},"_coverageSchema":"1a1c01bbd47fc00a2c39e90264f33305004495a9","hash":"62c3e3537968332536c7444f7ca82ab3ab9133ed"}
,"C:\\Users\\mjeni\\OneDrive\\Desktop\\Software-Engineering-Project\\features\\dashboard\\routes.js": {"path":"C:\\Users\\mjeni\\OneDrive\\Desktop\\Software-Engineering-Project\\features\\dashboard\\routes.js","statementMap":{"0":{"start":{"line":6,"column":16},"end":{"line":6,"column":34}},"1":{"start":{"line":7,"column":11},"end":{"line":7,"column":36}},"2":{"start":{"line":8,"column":15},"end":{"line":8,"column":53}},"3":{"start":{"line":10,"column":15},"end":{"line":10,"column":31}},"4":{"start":{"line":16,"column":0},"end":{"line":40,"column":3}},"5":{"start":{"line":17,"column":2},"end":{"line":39,"column":3}},"6":{"start":{"line":18,"column":22},"end":{"line":25,"column":5}},"7":{"start":{"line":27,"column":20},"end":{"line":27,"column":52}},"8":{"start":{"line":28,"column":20},"end":{"line":28,"column":48}},"9":{"start":{"line":30,"column":4},"end":{"line":35,"column":7}},"10":{"start":{"line":37,"column":4},"end":{"line":37,"column":88}},"11":{"start":{"line":38,"column":4},"end":{"line":38,"column":78}},"12":{"start":{"line":42,"column":0},"end":{"line":42,"column":24}}},"fnMap":{"0":{"name":"(anonymous_0)","decl":{"start":{"line":16,"column":16},"end":{"line":16,"column":17}},"loc":{"start":{"line":16,"column":36},"end":{"line":40,"column":1}},"line":16}},"branchMap":{},"s":{"0":4,"1":4,"2":4,"3":4,"4":4,"5":1,"6":1,"7":1,"8":1,"9":1,"10":0,"11":0,"12":4},"f":{"0":1},"b":{},"_coverageSchema":"1a1c01bbd47fc00a2c39e90264f33305004495a9","hash":"b25c4110546b920e95201cd0f649bac4240c34e8"}
,"C:\\Users\\mjeni\\OneDrive\\Desktop\\Software-Engineering-Project\\features\\posts\\models.js": {"path":"C:\\Users\\mjeni\\OneDrive\\Desktop\\Software-Engineering-Project\\features\\posts\\models.js","statementMap":{"0":{"start":{"line":6,"column":11},"end":{"line":6,"column":36}},"1":{"start":{"line":12,"column":17},"end":{"line":16,"column":3}},"2":{"start":{"line":17,"column":2},"end":{"line":17,"column":16}},"3":{"start":{"line":24,"column":16},"end":{"line":28,"column":3}},"4":{"start":{"line":29,"column":2},"end":{"line":29,"column":15}},"5":{"start":{"line":36,"column":16},"end":{"line":40,"column":3}},"6":{"start":{"line":41,"column":2},"end":{"line":41,"column":15}},"7":{"start":{"line":48,"column":15},"end":{"line":54,"column":3}},"8":{"start":{"line":55,"column":2},"end":{"line":55,"column":14}},"9":{"start":{"line":63,"column":15},"end":{"line":66,"column":3}},"10":{"start":{"line":68,"column":2},"end":{"line":70,"column":3}},"11":{"start":{"line":69,"column":4},"end":{"line":69,"column":55}},"12":{"start":{"line":73,"column":17},"end":{"line":77,"column":3}},"13":{"start":{"line":79,"column":2},"end":{"line":79,"column":16}},"14":{"start":{"line":87,"column":15},"end":{"line":90,"column":3}},"15":{"start":{"line":92,"column":2},"end":{"line":94,"column":3}},"16":{"start":{"line":93,"column":4},"end":{"line":93,"column":55}},"17":{"start":{"line":97,"column":17},"end":{"line":101,"column":3}},"18":{"start":{"line":103,"column":2},"end":{"line":103,"column":16}},"19":{"start":{"line":110,"column":15},"end":{"line":113,"column":3}},"20":{"start":{"line":114,"column":2},"end":{"line":114,"column":14}},"21":{"start":{"line":122,"column":15},"end":{"line":125,"column":3}},"22":{"start":{"line":127,"column":2},"end":{"line":129,"column":3}},"23":{"start":{"line":128,"column":4},"end":{"line":128,"column":55}},"24":{"start":{"line":132,"column":25},"end":{"line":132,"column":78}},"25":{"start":{"line":135,"column":17},"end":{"line":161,"column":3}},"26":{"start":{"line":163,"column":2},"end":{"line":163,"column":16}},"27":{"start":{"line":171,"column":15},"end":{"line":174,"column":3}},"28":{"start":{"line":176,"column":2},"end":{"line":178,"column":3}},"29":{"start":{"line":177,"column":4},"end":{"line":177,"column":55}},"30":{"start":{"line":180,"column":17},"end":{"line":180,"column":73}},"31":{"start":{"line":181,"column":2},"end":{"line":181,"column":16}},"32":{"start":{"line":188,"column":17},"end":{"line":191,"column":3}},"33":{"start":{"line":192,"column":2},"end":{"line":192,"column":16}},"34":{"start":{"line":195,"column":0},"end":{"line":206,"column":2}}},"fnMap":{"0":{"name":"createPost","decl":{"start":{"line":11,"column":15},"end":{"line":11,"column":25}},"loc":{"start":{"line":11,"column":69},"end":{"line":18,"column":1}},"line":11},"1":{"name":"getDraftPosts","decl":{"start":{"line":23,"column":15},"end":{"line":23,"column":28}},"loc":{"start":{"line":23,"column":37},"end":{"line":30,"column":1}},"line":23},"2":{"name":"getScheduledAndPublishedPosts","decl":{"start":{"line":35,"column":15},"end":{"line":35,"column":44}},"loc":{"start":{"line":35,"column":53},"end":{"line":42,"column":1}},"line":35},"3":{"name":"getPostById","decl":{"start":{"line":47,"column":15},"end":{"line":47,"column":26}},"loc":{"start":{"line":47,"column":43},"end":{"line":56,"column":1}},"line":47},"4":{"name":"schedulePost","decl":{"start":{"line":61,"column":15},"end":{"line":61,"column":27}},"loc":{"start":{"line":61,"column":59},"end":{"line":80,"column":1}},"line":61},"5":{"name":"publishPost","decl":{"start":{"line":85,"column":15},"end":{"line":85,"column":26}},"loc":{"start":{"line":85,"column":43},"end":{"line":104,"column":1}},"line":85},"6":{"name":"getPostForEdit","decl":{"start":{"line":109,"column":15},"end":{"line":109,"column":29}},"loc":{"start":{"line":109,"column":46},"end":{"line":115,"column":1}},"line":109},"7":{"name":"updatePost","decl":{"start":{"line":120,"column":15},"end":{"line":120,"column":25}},"loc":{"start":{"line":120,"column":92},"end":{"line":164,"column":1}},"line":120},"8":{"name":"deletePost","decl":{"start":{"line":169,"column":15},"end":{"line":169,"column":25}},"loc":{"start":{"line":169,"column":42},"end":{"line":182,"column":1}},"line":169},"9":{"name":"autoPublishScheduledPosts","decl":{"start":{"line":187,"column":15},"end":{"line":187,"column":40}},"loc":{"start":{"line":187,"column":43},"end":{"line":193,"column":1}},"line":187}},"branchMap":{"0":{"loc":{"start":{"line":15,"column":13},"end":{"line":15,"column":26}},"type":"binary-expr","locations":[{"start":{"line":15,"column":13},"end":{"line":15,"column":18}},{"start":{"line":15,"column":22},"end":{"line":15,"column":26}}],"line":15},"1":{"loc":{"start":{"line":68,"column":2},"end":{"line":70,"column":3}},"type":"if","locations":[{"start":{"line":68,"column":2},"end":{"line":70,"column":3}},{"start":{},"end":{}}],"line":68},"2":{"loc":{"start":{"line":92,"column":2},"end":{"line":94,"column":3}},"type":"if","locations":[{"start":{"line":92,"column":2},"end":{"line":94,"column":3}},{"start":{},"end":{}}],"line":92},"3":{"loc":{"start":{"line":127,"column":2},"end":{"line":129,"column":3}},"type":"if","locations":[{"start":{"line":127,"column":2},"end":{"line":129,"column":3}},{"start":{},"end":{}}],"line":127},"4":{"loc":{"start":{"line":132,"column":25},"end":{"line":132,"column":78}},"type":"cond-expr","locations":[{"start":{"line":132,"column":51},"end":{"line":132,"column":60}},{"start":{"line":132,"column":63},"end":{"line":132,"column":78}}],"line":132},"5":{"loc":{"start":{"line":152,"column":6},"end":{"line":152,"column":19}},"type":"binary-expr","locations":[{"start":{"line":152,"column":6},"end":{"line":152,"column":11}},{"start":{"line":152,"column":15},"end":{"line":152,"column":19}}],"line":152},"6":{"loc":{"start":{"line":156,"column":6},"end":{"line":156,"column":51}},"type":"cond-expr","locations":[{"start":{"line":156,"column":31},"end":{"line":156,"column":44}},{"start":{"line":156,"column":47},"end":{"line":156,"column":51}}],"line":156},"7":{"loc":{"start":{"line":176,"column":2},"end":{"line":178,"column":3}},"type":"if","locations":[{"start":{"line":176,"column":2},"end":{"line":178,"column":3}},{"start":{},"end":{}}],"line":176}},"s":{"0":5,"1":6,"2":5,"3":1,"4":1,"5":1,"6":1,"7":0,"8":0,"9":0,"10":0,"11":0,"12":0,"13":0,"14":0,"15":0,"16":0,"17":0,"18":0,"19":1,"20":1,"21":1,"22":1,"23":0,"24":1,"25":1,"26":1,"27":1,"28":1,"29":0,"30":1,"31":1,"32":0,"33":0,"34":5},"f":{"0":6,"1":1,"2":1,"3":0,"4":0,"5":0,"6":1,"7":1,"8":1,"9":0},"b":{"0":[6,3],"1":[0,0],"2":[0,0],"3":[0,1],"4":[1,0],"5":[1,1],"6":[0,1],"7":[0,1]},"_coverageSchema":"1a1c01bbd47fc00a2c39e90264f33305004495a9","hash":"c7c968e5c0db315c1b904db2a5c0f36171376c37"}
,"C:\\Users\\mjeni\\OneDrive\\Desktop\\Software-Engineering-Project\\features\\posts\\routes.js": {"path":"C:\\Users\\mjeni\\OneDrive\\Desktop\\Software-Engineering-Project\\features\\posts\\routes.js","statementMap":{"0":{"start":{"line":12,"column":16},"end":{"line":12,"column":34}},"1":{"start":{"line":13,"column":13},"end":{"line":13,"column":28}},"2":{"start":{"line":14,"column":11},"end":{"line":14,"column":24}},"3":{"start":{"line":15,"column":15},"end":{"line":15,"column":53}},"4":{"start":{"line":16,"column":18},"end":{"line":16,"column":60}},"5":{"start":{"line":17,"column":15},"end":{"line":17,"column":34}},"6":{"start":{"line":18,"column":19},"end":{"line":18,"column":42}},"7":{"start":{"line":19,"column":15},"end":{"line":19,"column":34}},"8":{"start":{"line":20,"column":15},"end":{"line":20,"column":34}},"9":{"start":{"line":22,"column":15},"end":{"line":22,"column":31}},"10":{"start":{"line":27,"column":26},"end":{"line":44,"column":1}},"11":{"start":{"line":28,"column":2},"end":{"line":37,"column":3}},"12":{"start":{"line":29,"column":4},"end":{"line":33,"column":5}},"13":{"start":{"line":30,"column":6},"end":{"line":32,"column":9}},"14":{"start":{"line":34,"column":4},"end":{"line":36,"column":7}},"15":{"start":{"line":38,"column":2},"end":{"line":42,"column":3}},"16":{"start":{"line":39,"column":4},"end":{"line":41,"column":7}},"17":{"start":{"line":43,"column":2},"end":{"line":43,"column":9}},"18":{"start":{"line":49,"column":0},"end":{"line":51,"column":3}},"19":{"start":{"line":50,"column":2},"end":{"line":50,"column":50}},"20":{"start":{"line":59,"column":0},"end":{"line":120,"column":2}},"21":{"start":{"line":64,"column":4},"end":{"line":68,"column":5}},"22":{"start":{"line":65,"column":6},"end":{"line":67,"column":9}},"23":{"start":{"line":69,"column":4},"end":{"line":69,"column":11}},"24":{"start":{"line":73,"column":19},"end":{"line":73,"column":54}},"25":{"start":{"line":74,"column":4},"end":{"line":80,"column":5}},"26":{"start":{"line":75,"column":6},"end":{"line":78,"column":9}},"27":{"start":{"line":79,"column":6},"end":{"line":79,"column":73}},"28":{"start":{"line":82,"column":4},"end":{"line":118,"column":5}},"29":{"start":{"line":83,"column":41},"end":{"line":83,"column":49}},"30":{"start":{"line":84,"column":24},"end":{"line":84,"column":82}},"31":{"start":{"line":85,"column":21},"end":{"line":85,"column":63}},"32":{"start":{"line":88,"column":6},"end":{"line":100,"column":7}},"33":{"start":{"line":89,"column":31},"end":{"line":89,"column":69}},"34":{"start":{"line":90,"column":8},"end":{"line":99,"column":9}},"35":{"start":{"line":91,"column":10},"end":{"line":95,"column":13}},"36":{"start":{"line":96,"column":10},"end":{"line":98,"column":13}},"37":{"start":{"line":102,"column":21},"end":{"line":102,"column":107}},"38":{"start":{"line":104,"column":6},"end":{"line":109,"column":9}},"39":{"start":{"line":111,"column":6},"end":{"line":111,"column":106}},"40":{"start":{"line":112,"column":6},"end":{"line":112,"column":46}},"41":{"start":{"line":114,"column":6},"end":{"line":114,"column":94}},"42":{"start":{"line":115,"column":6},"end":{"line":117,"column":9}},"43":{"start":{"line":126,"column":0},"end":{"line":134,"column":3}},"44":{"start":{"line":127,"column":2},"end":{"line":133,"column":3}},"45":{"start":{"line":128,"column":18},"end":{"line":128,"column":64}},"46":{"start":{"line":129,"column":4},"end":{"line":129,"column":47}},"47":{"start":{"line":131,"column":4},"end":{"line":131,"column":66}},"48":{"start":{"line":132,"column":4},"end":{"line":132,"column":81}},"49":{"start":{"line":141,"column":0},"end":{"line":151,"column":3}},"50":{"start":{"line":142,"column":2},"end":{"line":150,"column":3}},"51":{"start":{"line":143,"column":18},"end":{"line":143,"column":80}},"52":{"start":{"line":144,"column":4},"end":{"line":144,"column":51}},"53":{"start":{"line":146,"column":4},"end":{"line":146,"column":75}},"54":{"start":{"line":147,"column":4},"end":{"line":149,"column":7}},"55":{"start":{"line":156,"column":0},"end":{"line":173,"column":3}},"56":{"start":{"line":157,"column":2},"end":{"line":172,"column":3}},"57":{"start":{"line":158,"column":17},"end":{"line":158,"column":80}},"58":{"start":{"line":160,"column":4},"end":{"line":164,"column":5}},"59":{"start":{"line":161,"column":6},"end":{"line":163,"column":9}},"60":{"start":{"line":166,"column":4},"end":{"line":166,"column":72}},"61":{"start":{"line":168,"column":4},"end":{"line":168,"column":64}},"62":{"start":{"line":169,"column":4},"end":{"line":171,"column":7}},"63":{"start":{"line":179,"column":0},"end":{"line":193,"column":3}},"64":{"start":{"line":180,"column":17},"end":{"line":180,"column":52}},"65":{"start":{"line":181,"column":2},"end":{"line":183,"column":3}},"66":{"start":{"line":182,"column":4},"end":{"line":182,"column":88}},"67":{"start":{"line":185,"column":2},"end":{"line":192,"column":3}},"68":{"start":{"line":186,"column":38},"end":{"line":186,"column":46}},"69":{"start":{"line":187,"column":4},"end":{"line":187,"column":73}},"70":{"start":{"line":188,"column":4},"end":{"line":188,"column":73}},"71":{"start":{"line":190,"column":4},"end":{"line":190,"column":66}},"72":{"start":{"line":191,"column":4},"end":{"line":191,"column":64}},"73":{"start":{"line":199,"column":0},"end":{"line":213,"column":3}},"74":{"start":{"line":200,"column":17},"end":{"line":200,"column":52}},"75":{"start":{"line":201,"column":2},"end":{"line":203,"column":3}},"76":{"start":{"line":202,"column":4},"end":{"line":202,"column":88}},"77":{"start":{"line":205,"column":2},"end":{"line":212,"column":3}},"78":{"start":{"line":206,"column":23},"end":{"line":206,"column":31}},"79":{"start":{"line":207,"column":4},"end":{"line":207,"column":57}},"80":{"start":{"line":208,"column":4},"end":{"line":208,"column":73}},"81":{"start":{"line":210,"column":4},"end":{"line":210,"column":66}},"82":{"start":{"line":211,"column":4},"end":{"line":211,"column":63}},"83":{"start":{"line":218,"column":0},"end":{"line":235,"column":3}},"84":{"start":{"line":219,"column":2},"end":{"line":234,"column":3}},"85":{"start":{"line":220,"column":17},"end":{"line":220,"column":83}},"86":{"start":{"line":222,"column":4},"end":{"line":226,"column":5}},"87":{"start":{"line":223,"column":6},"end":{"line":225,"column":9}},"88":{"start":{"line":228,"column":4},"end":{"line":228,"column":56}},"89":{"start":{"line":230,"column":4},"end":{"line":230,"column":73}},"90":{"start":{"line":231,"column":4},"end":{"line":233,"column":7}},"91":{"start":{"line":241,"column":0},"end":{"line":300,"column":2}},"92":{"start":{"line":246,"column":4},"end":{"line":251,"column":5}},"93":{"start":{"line":247,"column":6},"end":{"line":250,"column":9}},"94":{"start":{"line":252,"column":4},"end":{"line":252,"column":11}},"95":{"start":{"line":256,"column":19},"end":{"line":256,"column":54}},"96":{"start":{"line":257,"column":4},"end":{"line":263,"column":5}},"97":{"start":{"line":258,"column":19},"end":{"line":258,"column":85}},"98":{"start":{"line":259,"column":6},"end":{"line":262,"column":9}},"99":{"start":{"line":265,"column":4},"end":{"line":298,"column":5}},"100":{"start":{"line":266,"column":25},"end":{"line":266,"column":35}},"101":{"start":{"line":267,"column":69},"end":{"line":267,"column":77}},"102":{"start":{"line":270,"column":19},"end":{"line":270,"column":74}},"103":{"start":{"line":272,"column":6},"end":{"line":276,"column":7}},"104":{"start":{"line":273,"column":8},"end":{"line":275,"column":11}},"105":{"start":{"line":279,"column":22},"end":{"line":279,"column":37}},"106":{"start":{"line":280,"column":6},"end":{"line":284,"column":7}},"107":{"start":{"line":281,"column":8},"end":{"line":281,"column":61}},"108":{"start":{"line":282,"column":13},"end":{"line":284,"column":7}},"109":{"start":{"line":283,"column":8},"end":{"line":283,"column":25}},"110":{"start":{"line":287,"column":6},"end":{"line":287,"column":116}},"111":{"start":{"line":289,"column":6},"end":{"line":289,"column":74}},"112":{"start":{"line":290,"column":6},"end":{"line":290,"column":52}},"113":{"start":{"line":292,"column":6},"end":{"line":292,"column":65}},"114":{"start":{"line":293,"column":19},"end":{"line":293,"column":85}},"115":{"start":{"line":294,"column":6},"end":{"line":297,"column":9}},"116":{"start":{"line":306,"column":0},"end":{"line":317,"column":3}},"117":{"start":{"line":307,"column":2},"end":{"line":316,"column":3}},"118":{"start":{"line":308,"column":23},"end":{"line":308,"column":33}},"119":{"start":{"line":309,"column":4},"end":{"line":309,"column":56}},"120":{"start":{"line":311,"column":4},"end":{"line":311,"column":72}},"121":{"start":{"line":312,"column":4},"end":{"line":312,"column":71}},"122":{"start":{"line":314,"column":4},"end":{"line":314,"column":64}},"123":{"start":{"line":315,"column":4},"end":{"line":315,"column":62}},"124":{"start":{"line":323,"column":0},"end":{"line":336,"column":3}},"125":{"start":{"line":324,"column":2},"end":{"line":335,"column":3}},"126":{"start":{"line":325,"column":19},"end":{"line":325,"column":59}},"127":{"start":{"line":327,"column":4},"end":{"line":331,"column":7}},"128":{"start":{"line":333,"column":4},"end":{"line":333,"column":63}},"129":{"start":{"line":334,"column":4},"end":{"line":334,"column":69}},"130":{"start":{"line":338,"column":0},"end":{"line":338,"column":24}}},"fnMap":{"0":{"name":"(anonymous_0)","decl":{"start":{"line":27,"column":26},"end":{"line":27,"column":27}},"loc":{"start":{"line":27,"column":51},"end":{"line":44,"column":1}},"line":27},"1":{"name":"(anonymous_1)","decl":{"start":{"line":49,"column":22},"end":{"line":49,"column":23}},"loc":{"start":{"line":49,"column":36},"end":{"line":51,"column":1}},"line":49},"2":{"name":"(anonymous_2)","decl":{"start":{"line":63,"column":2},"end":{"line":63,"column":3}},"loc":{"start":{"line":63,"column":22},"end":{"line":70,"column":3}},"line":63},"3":{"name":"(anonymous_3)","decl":{"start":{"line":72,"column":2},"end":{"line":72,"column":3}},"loc":{"start":{"line":72,"column":22},"end":{"line":119,"column":3}},"line":72},"4":{"name":"(anonymous_4)","decl":{"start":{"line":126,"column":22},"end":{"line":126,"column":23}},"loc":{"start":{"line":126,"column":42},"end":{"line":134,"column":1}},"line":126},"5":{"name":"(anonymous_5)","decl":{"start":{"line":141,"column":25},"end":{"line":141,"column":26}},"loc":{"start":{"line":141,"column":45},"end":{"line":151,"column":1}},"line":141},"6":{"name":"(anonymous_6)","decl":{"start":{"line":156,"column":23},"end":{"line":156,"column":24}},"loc":{"start":{"line":156,"column":43},"end":{"line":173,"column":1}},"line":156},"7":{"name":"(anonymous_7)","decl":{"start":{"line":179,"column":60},"end":{"line":179,"column":61}},"loc":{"start":{"line":179,"column":80},"end":{"line":193,"column":1}},"line":179},"8":{"name":"(anonymous_8)","decl":{"start":{"line":199,"column":58},"end":{"line":199,"column":59}},"loc":{"start":{"line":199,"column":78},"end":{"line":213,"column":1}},"line":199},"9":{"name":"(anonymous_9)","decl":{"start":{"line":218,"column":28},"end":{"line":218,"column":29}},"loc":{"start":{"line":218,"column":48},"end":{"line":235,"column":1}},"line":218},"10":{"name":"(anonymous_10)","decl":{"start":{"line":245,"column":2},"end":{"line":245,"column":3}},"loc":{"start":{"line":245,"column":22},"end":{"line":253,"column":3}},"line":245},"11":{"name":"(anonymous_11)","decl":{"start":{"line":255,"column":2},"end":{"line":255,"column":3}},"loc":{"start":{"line":255,"column":22},"end":{"line":299,"column":3}},"line":255},"12":{"name":"(anonymous_12)","decl":{"start":{"line":306,"column":26},"end":{"line":306,"column":27}},"loc":{"start":{"line":306,"column":46},"end":{"line":317,"column":1}},"line":306},"13":{"name":"(anonymous_13)","decl":{"start":{"line":323,"column":29},"end":{"line":323,"column":30}},"loc":{"start":{"line":323,"column":49},"end":{"line":336,"column":1}},"line":323}},"branchMap":{"0":{"loc":{"start":{"line":28,"column":2},"end":{"line":37,"column":3}},"type":"if","locations":[{"start":{"line":28,"column":2},"end":{"line":37,"column":3}},{"start":{},"end":{}}],"line":28},"1":{"loc":{"start":{"line":29,"column":4},"end":{"line":33,"column":5}},"type":"if","locations":[{"start":{"line":29,"column":4},"end":{"line":33,"column":5}},{"start":{},"end":{}}],"line":29},"2":{"loc":{"start":{"line":38,"column":2},"end":{"line":42,"column":3}},"type":"if","locations":[{"start":{"line":38,"column":2},"end":{"line":42,"column":3}},{"start":{},"end":{}}],"line":38},"3":{"loc":{"start":{"line":64,"column":4},"end":{"line":68,"column":5}},"type":"if","locations":[{"start":{"line":64,"column":4},"end":{"line":68,"column":5}},{"start":{},"end":{}}],"line":64},"4":{"loc":{"start":{"line":74,"column":4},"end":{"line":80,"column":5}},"type":"if","locations":[{"start":{"line":74,"column":4},"end":{"line":80,"column":5}},{"start":{},"end":{}}],"line":74},"5":{"loc":{"start":{"line":84,"column":24},"end":{"line":84,"column":82}},"type":"cond-expr","locations":[{"start":{"line":84,"column":35},"end":{"line":84,"column":75}},{"start":{"line":84,"column":78},"end":{"line":84,"column":82}}],"line":84},"6":{"loc":{"start":{"line":85,"column":21},"end":{"line":85,"column":63}},"type":"cond-expr","locations":[{"start":{"line":85,"column":42},"end":{"line":85,"column":49}},{"start":{"line":85,"column":52},"end":{"line":85,"column":63}}],"line":85},"7":{"loc":{"start":{"line":88,"column":6},"end":{"line":100,"column":7}},"type":"if","locations":[{"start":{"line":88,"column":6},"end":{"line":100,"column":7}},{"start":{},"end":{}}],"line":88},"8":{"loc":{"start":{"line":90,"column":8},"end":{"line":99,"column":9}},"type":"if","locations":[{"start":{"line":90,"column":8},"end":{"line":99,"column":9}},{"start":{},"end":{}}],"line":90},"9":{"loc":{"start":{"line":102,"column":65},"end":{"line":102,"column":78}},"type":"binary-expr","locations":[{"start":{"line":102,"column":65},"end":{"line":102,"column":70}},{"start":{"line":102,"column":74},"end":{"line":102,"column":78}}],"line":102},"10":{"loc":{"start":{"line":111,"column":40},"end":{"line":111,"column":89}},"type":"cond-expr","locations":[{"start":{"line":111,"column":61},"end":{"line":111,"column":77}},{"start":{"line":111,"column":80},"end":{"line":111,"column":89}}],"line":111},"11":{"loc":{"start":{"line":160,"column":4},"end":{"line":164,"column":5}},"type":"if","locations":[{"start":{"line":160,"column":4},"end":{"line":164,"column":5}},{"start":{},"end":{}}],"line":160},"12":{"loc":{"start":{"line":181,"column":2},"end":{"line":183,"column":3}},"type":"if","locations":[{"start":{"line":181,"column":2},"end":{"line":183,"column":3}},{"start":{},"end":{}}],"line":181},"13":{"loc":{"start":{"line":201,"column":2},"end":{"line":203,"column":3}},"type":"if","locations":[{"start":{"line":201,"column":2},"end":{"line":203,"column":3}},{"start":{},"end":{}}],"line":201},"14":{"loc":{"start":{"line":222,"column":4},"end":{"line":226,"column":5}},"type":"if","locations":[{"start":{"line":222,"column":4},"end":{"line":226,"column":5}},{"start":{},"end":{}}],"line":222},"15":{"loc":{"start":{"line":246,"column":4},"end":{"line":251,"column":5}},"type":"if","locations":[{"start":{"line":246,"column":4},"end":{"line":251,"column":5}},{"start":{},"end":{}}],"line":246},"16":{"loc":{"start":{"line":257,"column":4},"end":{"line":263,"column":5}},"type":"if","locations":[{"start":{"line":257,"column":4},"end":{"line":263,"column":5}},{"start":{},"end":{}}],"line":257},"17":{"loc":{"start":{"line":272,"column":6},"end":{"line":276,"column":7}},"type":"if","locations":[{"start":{"line":272,"column":6},"end":{"line":276,"column":7}},{"start":{},"end":{}}],"line":272},"18":{"loc":{"start":{"line":280,"column":6},"end":{"line":284,"column":7}},"type":"if","locations":[{"start":{"line":280,"column":6},"end":{"line":284,"column":7}},{"start":{"line":282,"column":13},"end":{"line":284,"column":7}}],"line":280},"19":{"loc":{"start":{"line":282,"column":13},"end":{"line":284,"column":7}},"type":"if","locations":[{"start":{"line":282,"column":13},"end":{"line":284,"column":7}},{"start":{},"end":{}}],"line":282},"20":{"loc":{"start":{"line":287,"column":58},"end":{"line":287,"column":71}},"type":"binary-expr","locations":[{"start":{"line":287,"column":58},"end":{"line":287,"column":63}},{"start":{"line":287,"column":67},"end":{"line":287,"column":71}}],"line":287}},"s":{"0":4,"1":4,"2":4,"3":4,"4":4,"5":4,"6":4,"7":4,"8":4,"9":4,"10":4,"11":0,"12":0,"13":0,"14":0,"15":0,"16":0,"17":0,"18":4,"19":0,"20":4,"21":5,"22":0,"23":5,"24":5,"25":5,"26":0,"27":0,"28":5,"29":5,"30":5,"31":5,"32":5,"33":0,"34":0,"35":0,"36":0,"37":5,"38":5,"39":5,"40":5,"41":0,"42":0,"43":4,"44":1,"45":1,"46":1,"47":0,"48":0,"49":4,"50":0,"51":0,"52":0,"53":0,"54":0,"55":4,"56":0,"57":0,"58":0,"59":0,"60":0,"61":0,"62":0,"63":4,"64":0,"65":0,"66":0,"67":0,"68":0,"69":0,"70":0,"71":0,"72":0,"73":4,"74":0,"75":0,"76":0,"77":0,"78":0,"79":0,"80":0,"81":0,"82":0,"83":4,"84":0,"85":0,"86":0,"87":0,"88":0,"89":0,"90":0,"91":4,"92":1,"93":0,"94":1,"95":1,"96":1,"97":0,"98":0,"99":1,"100":1,"101":1,"102":1,"103":1,"104":0,"105":1,"106":1,"107":0,"108":1,"109":0,"110":1,"111":1,"112":1,"113":0,"114":0,"115":0,"116":4,"117":1,"118":1,"119":1,"120":1,"121":1,"122":0,"123":0,"124":4,"125":0,"126":0,"127":0,"128":0,"129":0,"130":4},"f":{"0":0,"1":0,"2":5,"3":5,"4":1,"5":0,"6":0,"7":0,"8":0,"9":0,"10":1,"11":1,"12":1,"13":0},"b":{"0":[0,0],"1":[0,0],"2":[0,0],"3":[0,5],"4":[0,5],"5":[0,5],"6":[4,1],"7":[0,5],"8":[0,0],"9":[5,3],"10":[4,1],"11":[0,0],"12":[0,0],"13":[0,0],"14":[0,0],"15":[0,1],"16":[0,1],"17":[0,1],"18":[0,1],"19":[0,1],"20":[1,1]},"_coverageSchema":"1a1c01bbd47fc00a2c39e90264f33305004495a9","hash":"d1cc88231b124c13affefa3ccb5da9d693fe98ba"}
,"C:\\Users\\mjeni\\OneDrive\\Desktop\\Software-Engineering-Project\\features\\posts\\upload.js": {"path":"C:\\Users\\mjeni\\OneDrive\\Desktop\\Software-Engineering-Project\\features\\posts\\upload.js","statementMap":{"0":{"start":{"line":7,"column":15},"end":{"line":7,"column":32}},"1":{"start":{"line":8,"column":13},"end":{"line":8,"column":28}},"2":{"start":{"line":9,"column":11},"end":{"line":9,"column":24}},"3":{"start":{"line":10,"column":15},"end":{"line":10,"column":34}},"4":{"start":{"line":13,"column":19},"end":{"line":13,"column":68}},"5":{"start":{"line":14,"column":0},"end":{"line":16,"column":1}},"6":{"start":{"line":15,"column":2},"end":{"line":15,"column":48}},"7":{"start":{"line":19,"column":16},"end":{"line":27,"column":2}},"8":{"start":{"line":21,"column":4},"end":{"line":21,"column":25}},"9":{"start":{"line":24,"column":25},"end":{"line":24,"column":75}},"10":{"start":{"line":25,"column":4},"end":{"line":25,"column":61}},"11":{"start":{"line":29,"column":19},"end":{"line":35,"column":1}},"12":{"start":{"line":30,"column":2},"end":{"line":34,"column":3}},"13":{"start":{"line":31,"column":4},"end":{"line":31,"column":19}},"14":{"start":{"line":33,"column":4},"end":{"line":33,"column":77}},"15":{"start":{"line":37,"column":15},"end":{"line":41,"column":2}},"16":{"start":{"line":43,"column":0},"end":{"line":43,"column":24}}},"fnMap":{"0":{"name":"(anonymous_0)","decl":{"start":{"line":20,"column":15},"end":{"line":20,"column":16}},"loc":{"start":{"line":20,"column":34},"end":{"line":22,"column":3}},"line":20},"1":{"name":"(anonymous_1)","decl":{"start":{"line":23,"column":12},"end":{"line":23,"column":13}},"loc":{"start":{"line":23,"column":31},"end":{"line":26,"column":3}},"line":23},"2":{"name":"(anonymous_2)","decl":{"start":{"line":29,"column":19},"end":{"line":29,"column":20}},"loc":{"start":{"line":29,"column":38},"end":{"line":35,"column":1}},"line":29}},"branchMap":{"0":{"loc":{"start":{"line":14,"column":0},"end":{"line":16,"column":1}},"type":"if","locations":[{"start":{"line":14,"column":0},"end":{"line":16,"column":1}},{"start":{},"end":{}}],"line":14},"1":{"loc":{"start":{"line":30,"column":2},"end":{"line":34,"column":3}},"type":"if","locations":[{"start":{"line":30,"column":2},"end":{"line":34,"column":3}},{"start":{"line":32,"column":9},"end":{"line":34,"column":3}}],"line":30}},"s":{"0":4,"1":4,"2":4,"3":4,"4":4,"5":4,"6":0,"7":4,"8":0,"9":0,"10":0,"11":4,"12":0,"13":0,"14":0,"15":4,"16":4},"f":{"0":0,"1":0,"2":0},"b":{"0":[0,4],"1":[0,0]},"_coverageSchema":"1a1c01bbd47fc00a2c39e90264f33305004495a9","hash":"dd313295ab7d34082fc4dc245196583f9cff2fef"}
,"C:\\Users\\mjeni\\OneDrive\\Desktop\\Software-Engineering-Project\\features\\posts\\validators.js": {"path":"C:\\Users\\mjeni\\OneDrive\\Desktop\\Software-Engineering-Project\\features\\posts\\validators.js","statementMap":{"0":{"start":{"line":6,"column":35},"end":{"line":6,"column":63}},"1":{"start":{"line":7,"column":18},"end":{"line":7,"column":60}},"2":{"start":{"line":8,"column":15},"end":{"line":8,"column":34}},"3":{"start":{"line":13,"column":29},"end":{"line":36,"column":1}},"4":{"start":{"line":20,"column":6},"end":{"line":22,"column":7}},"5":{"start":{"line":21,"column":8},"end":{"line":21,"column":55}},"6":{"start":{"line":23,"column":6},"end":{"line":23,"column":18}},"7":{"start":{"line":31,"column":6},"end":{"line":33,"column":7}},"8":{"start":{"line":32,"column":8},"end":{"line":32,"column":57}},"9":{"start":{"line":34,"column":6},"end":{"line":34,"column":18}},"10":{"start":{"line":41,"column":31},"end":{"line":48,"column":1}},"11":{"start":{"line":53,"column":30},"end":{"line":57,"column":1}},"12":{"start":{"line":62,"column":27},"end":{"line":91,"column":1}},"13":{"start":{"line":79,"column":6},"end":{"line":88,"column":7}},"14":{"start":{"line":80,"column":8},"end":{"line":82,"column":9}},"15":{"start":{"line":81,"column":10},"end":{"line":81,"column":81}},"16":{"start":{"line":84,"column":21},"end":{"line":84,"column":36}},"17":{"start":{"line":85,"column":8},"end":{"line":87,"column":9}},"18":{"start":{"line":86,"column":10},"end":{"line":86,"column":59}},"19":{"start":{"line":89,"column":6},"end":{"line":89,"column":18}},"20":{"start":{"line":97,"column":2},"end":{"line":97,"column":31}},"21":{"start":{"line":100,"column":0},"end":{"line":106,"column":2}}},"fnMap":{"0":{"name":"(anonymous_0)","decl":{"start":{"line":19,"column":12},"end":{"line":19,"column":13}},"loc":{"start":{"line":19,"column":23},"end":{"line":24,"column":5}},"line":19},"1":{"name":"(anonymous_1)","decl":{"start":{"line":30,"column":12},"end":{"line":30,"column":13}},"loc":{"start":{"line":30,"column":23},"end":{"line":35,"column":5}},"line":30},"2":{"name":"(anonymous_2)","decl":{"start":{"line":77,"column":12},"end":{"line":77,"column":13}},"loc":{"start":{"line":77,"column":32},"end":{"line":90,"column":5}},"line":77},"3":{"name":"getValidationErrors","decl":{"start":{"line":96,"column":9},"end":{"line":96,"column":28}},"loc":{"start":{"line":96,"column":34},"end":{"line":98,"column":1}},"line":96}},"branchMap":{"0":{"loc":{"start":{"line":20,"column":6},"end":{"line":22,"column":7}},"type":"if","locations":[{"start":{"line":20,"column":6},"end":{"line":22,"column":7}},{"start":{},"end":{}}],"line":20},"1":{"loc":{"start":{"line":20,"column":10},"end":{"line":20,"column":79}},"type":"binary-expr","locations":[{"start":{"line":20,"column":10},"end":{"line":20,"column":38}},{"start":{"line":20,"column":42},"end":{"line":20,"column":79}}],"line":20},"2":{"loc":{"start":{"line":31,"column":6},"end":{"line":33,"column":7}},"type":"if","locations":[{"start":{"line":31,"column":6},"end":{"line":33,"column":7}},{"start":{},"end":{}}],"line":31},"3":{"loc":{"start":{"line":31,"column":10},"end":{"line":31,"column":79}},"type":"binary-expr","locations":[{"start":{"line":31,"column":10},"end":{"line":31,"column":38}},{"start":{"line":31,"column":42},"end":{"line":31,"column":79}}],"line":31},"4":{"loc":{"start":{"line":79,"column":6},"end":{"line":88,"column":7}},"type":"if","locations":[{"start":{"line":79,"column":6},"end":{"line":88,"column":7}},{"start":{},"end":{}}],"line":79},"5":{"loc":{"start":{"line":80,"column":8},"end":{"line":82,"column":9}},"type":"if","locations":[{"start":{"line":80,"column":8},"end":{"line":82,"column":9}},{"start":{},"end":{}}],"line":80},"6":{"loc":{"start":{"line":85,"column":8},"end":{"line":87,"column":9}},"type":"if","locations":[{"start":{"line":85,"column":8},"end":{"line":87,"column":9}},{"start":{},"end":{}}],"line":85}},"s":{"0":4,"1":4,"2":4,"3":4,"4":5,"5":0,"6":5,"7":5,"8":0,"9":5,"10":4,"11":4,"12":4,"13":1,"14":0,"15":0,"16":0,"17":0,"18":0,"19":1,"20":6,"21":4},"f":{"0":5,"1":5,"2":1,"3":6},"b":{"0":[0,5],"1":[5,5],"2":[0,5],"3":[5,5],"4":[0,1],"5":[0,0],"6":[0,0]},"_coverageSchema":"1a1c01bbd47fc00a2c39e90264f33305004495a9","hash":"3e897bd19e464e16c10d6dfe42280d4caf9adfb8"}
,"C:\\Users\\mjeni\\OneDrive\\Desktop\\Software-Engineering-Project\\features\\scheduler\\index.js": {"path":"C:\\Users\\mjeni\\OneDrive\\Desktop\\Software-Engineering-Project\\features\\scheduler\\index.js","statementMap":{"0":{"start":{"line":6,"column":15},"end":{"line":6,"column":34}},"1":{"start":{"line":7,"column":19},"end":{"line":7,"column":42}},"2":{"start":{"line":9,"column":24},"end":{"line":9,"column":28}},"3":{"start":{"line":15,"column":2},"end":{"line":18,"column":3}},"4":{"start":{"line":16,"column":4},"end":{"line":16,"column":53}},"5":{"start":{"line":17,"column":4},"end":{"line":17,"column":11}},"6":{"start":{"line":20,"column":2},"end":{"line":23,"column":3}},"7":{"start":{"line":21,"column":4},"end":{"line":21,"column":57}},"8":{"start":{"line":22,"column":4},"end":{"line":22,"column":11}},"9":{"start":{"line":25,"column":2},"end":{"line":31,"column":22}},"10":{"start":{"line":26,"column":4},"end":{"line":30,"column":5}},"11":{"start":{"line":27,"column":6},"end":{"line":27,"column":47}},"12":{"start":{"line":29,"column":6},"end":{"line":29,"column":60}},"13":{"start":{"line":33,"column":2},"end":{"line":33,"column":84}},"14":{"start":{"line":40,"column":2},"end":{"line":44,"column":3}},"15":{"start":{"line":41,"column":4},"end":{"line":41,"column":37}},"16":{"start":{"line":42,"column":4},"end":{"line":42,"column":29}},"17":{"start":{"line":43,"column":4},"end":{"line":43,"column":39}},"18":{"start":{"line":51,"column":2},"end":{"line":56,"column":3}},"19":{"start":{"line":52,"column":4},"end":{"line":52,"column":52}},"20":{"start":{"line":54,"column":4},"end":{"line":54,"column":60}},"21":{"start":{"line":55,"column":4},"end":{"line":55,"column":14}},"22":{"start":{"line":59,"column":0},"end":{"line":63,"column":2}}},"fnMap":{"0":{"name":"startScheduler","decl":{"start":{"line":14,"column":9},"end":{"line":14,"column":23}},"loc":{"start":{"line":14,"column":26},"end":{"line":34,"column":1}},"line":14},"1":{"name":"(anonymous_1)","decl":{"start":{"line":25,"column":34},"end":{"line":25,"column":35}},"loc":{"start":{"line":25,"column":46},"end":{"line":31,"column":3}},"line":25},"2":{"name":"stopScheduler","decl":{"start":{"line":39,"column":9},"end":{"line":39,"column":22}},"loc":{"start":{"line":39,"column":25},"end":{"line":45,"column":1}},"line":39},"3":{"name":"triggerPublish","decl":{"start":{"line":50,"column":15},"end":{"line":50,"column":29}},"loc":{"start":{"line":50,"column":32},"end":{"line":57,"column":1}},"line":50}},"branchMap":{"0":{"loc":{"start":{"line":15,"column":2},"end":{"line":18,"column":3}},"type":"if","locations":[{"start":{"line":15,"column":2},"end":{"line":18,"column":3}},{"start":{},"end":{}}],"line":15},"1":{"loc":{"start":{"line":20,"column":2},"end":{"line":23,"column":3}},"type":"if","locations":[{"start":{"line":20,"column":2},"end":{"line":23,"column":3}},{"start":{},"end":{}}],"line":20},"2":{"loc":{"start":{"line":40,"column":2},"end":{"line":44,"column":3}},"type":"if","locations":[{"start":{"line":40,"column":2},"end":{"line":44,"column":3}},{"start":{},"end":{}}],"line":40}},"s":{"0":5,"1":5,"2":5,"3":1,"4":0,"5":0,"6":1,"7":0,"8":0,"9":1,"10":6,"11":6,"12":0,"13":1,"14":0,"15":0,"16":0,"17":0,"18":0,"19":0,"20":0,"21":0,"22":5},"f":{"0":1,"1":6,"2":0,"3":0},"b":{"0":[0,1],"1":[0,1],"2":[0,0]},"_coverageSchema":"1a1c01bbd47fc00a2c39e90264f33305004495a9","hash":"f827750a8cca78c8e861d18f6be62d09db97084f"}
,"C:\\Users\\mjeni\\OneDrive\\Desktop\\Software-Engineering-Project\\features\\scheduler\\publishers.js": {"path":"C:\\Users\\mjeni\\OneDrive\\Desktop\\Software-Engineering-Project\\features\\scheduler\\publishers.js","statementMap":{"0":{"start":{"line":6,"column":11},"end":{"line":6,"column":36}},"1":{"start":{"line":7,"column":15},"end":{"line":7,"column":53}},"2":{"start":{"line":13,"column":2},"end":{"line":55,"column":3}},"3":{"start":{"line":14,"column":16},"end":{"line":14,"column":26}},"4":{"start":{"line":16,"column":16},"end":{"line":16,"column":49}},"5":{"start":{"line":16,"column":23},"end":{"line":16,"column":49}},"6":{"start":{"line":17,"column":21},"end":{"line":17,"column":170}},"7":{"start":{"line":20,"column":27},"end":{"line":22,"column":5}},"8":{"start":{"line":24,"column":4},"end":{"line":33,"column":5}},"9":{"start":{"line":25,"column":6},"end":{"line":25,"column":74}},"10":{"start":{"line":26,"column":6},"end":{"line":26,"column":86}},"11":{"start":{"line":27,"column":6},"end":{"line":32,"column":9}},"12":{"start":{"line":28,"column":23},"end":{"line":28,"column":54}},"13":{"start":{"line":29,"column":8},"end":{"line":31,"column":10}},"14":{"start":{"line":36,"column":19},"end":{"line":40,"column":5}},"15":{"start":{"line":42,"column":4},"end":{"line":48,"column":5}},"16":{"start":{"line":43,"column":6},"end":{"line":43,"column":107}},"17":{"start":{"line":44,"column":6},"end":{"line":47,"column":9}},"18":{"start":{"line":50,"column":4},"end":{"line":50,"column":18}},"19":{"start":{"line":52,"column":4},"end":{"line":52,"column":58}},"20":{"start":{"line":53,"column":4},"end":{"line":53,"column":73}},"21":{"start":{"line":54,"column":4},"end":{"line":54,"column":14}},"22":{"start":{"line":58,"column":0},"end":{"line":60,"column":2}}},"fnMap":{"0":{"name":"publishScheduledPosts","decl":{"start":{"line":12,"column":15},"end":{"line":12,"column":36}},"loc":{"start":{"line":12,"column":39},"end":{"line":56,"column":1}},"line":12},"1":{"name":"(anonymous_1)","decl":{"start":{"line":16,"column":16},"end":{"line":16,"column":17}},"loc":{"start":{"line":16,"column":23},"end":{"line":16,"column":49}},"line":16},"2":{"name":"(anonymous_2)","decl":{"start":{"line":27,"column":29},"end":{"line":27,"column":30}},"loc":{"start":{"line":27,"column":37},"end":{"line":32,"column":7}},"line":27}},"branchMap":{"0":{"loc":{"start":{"line":24,"column":4},"end":{"line":33,"column":5}},"type":"if","locations":[{"start":{"line":24,"column":4},"end":{"line":33,"column":5}},{"start":{},"end":{}}],"line":24},"1":{"loc":{"start":{"line":24,"column":8},"end":{"line":24,"column":51}},"type":"binary-expr","locations":[{"start":{"line":24,"column":8},"end":{"line":24,"column":22}},{"start":{"line":24,"column":26},"end":{"line":24,"column":51}}],"line":24},"2":{"loc":{"start":{"line":42,"column":4},"end":{"line":48,"column":5}},"type":"if","locations":[{"start":{"line":42,"column":4},"end":{"line":48,"column":5}},{"start":{},"end":{}}],"line":42},"3":{"loc":{"start":{"line":42,"column":8},"end":{"line":42,"column":54}},"type":"binary-expr","locations":[{"start":{"line":42,"column":8},"end":{"line":42,"column":14}},{"start":{"line":42,"column":18},"end":{"line":42,"column":32}},{"start":{"line":42,"column":36},"end":{"line":42,"column":54}}],"line":42}},"s":{"0":5,"1":5,"2":6,"3":6,"4":6,"5":36,"6":6,"7":6,"8":6,"9":0,"10":0,"11":0,"12":0,"13":0,"14":6,"15":6,"16":0,"17":0,"18":6,"19":0,"20":0,"21":0,"22":5},"f":{"0":6,"1":36,"2":0},"b":{"0":[0,6],"1":[6,6],"2":[0,6],"3":[6,6,0]},"_coverageSchema":"1a1c01bbd47fc00a2c39e90264f33305004495a9","hash":"65103ecb8793aa7c62877be3830a52157bf27cae"}
}
