TN:
SF:features\admin\backup.js
FN:12,createBackup
FN:43,listBackups
FN:50,deleteBackup
FN:72,getBackupFilePath
FNF:4
FNH:2
FNDA:1,createBackup
FNDA:1,listBackups
FNDA:0,deleteBackup
FNDA:0,getBackupFilePath
DA:6,4
DA:7,4
DA:13,1
DA:14,1
DA:15,1
DA:17,1
DA:18,1
DA:23,1
DA:31,0
DA:32,0
DA:35,0
DA:36,0
DA:44,1
DA:52,0
DA:53,0
DA:57,0
DA:60,0
DA:62,0
DA:63,0
DA:66,0
DA:74,0
DA:75,0
DA:79,0
DA:82,0
DA:83,0
DA:86,4
LF:26
LH:10
BRDA:17,0,0,1
BRDA:17,0,1,0
BRDA:32,1,0,0
BRDA:32,1,1,0
BRDA:52,2,0,0
BRDA:52,2,1,0
BRDA:52,3,0,0
BRDA:52,3,1,0
BRDA:52,3,2,0
BRDA:62,4,0,0
BRDA:62,4,1,0
BRDA:74,5,0,0
BRDA:74,5,1,0
BRDA:74,6,0,0
BRDA:74,6,1,0
BRDA:74,6,2,0
BRF:16
BRH:1
end_of_record
TN:
SF:features\admin\routes.js
FN:19,(anonymous_0)
FN:42,(anonymous_1)
FN:64,(anonymous_2)
FN:86,(anonymous_3)
FN:108,(anonymous_4)
FN:124,(anonymous_5)
FN:127,(anonymous_6)
FN:164,(anonymous_7)
FN:178,(anonymous_8)
FN:191,(anonymous_9)
FN:197,(anonymous_10)
FN:212,(anonymous_11)
FN:232,(anonymous_12)
FN:246,(anonymous_13)
FN:262,(anonymous_14)
FNF:15
FNH:8
FNDA:1,(anonymous_0)
FNDA:1,(anonymous_1)
FNDA:1,(anonymous_2)
FNDA:0,(anonymous_3)
FNDA:0,(anonymous_4)
FNDA:1,(anonymous_5)
FNDA:6,(anonymous_6)
FNDA:1,(anonymous_7)
FNDA:1,(anonymous_8)
FNDA:0,(anonymous_9)
FNDA:0,(anonymous_10)
FNDA:0,(anonymous_11)
FNDA:1,(anonymous_12)
FNDA:0,(anonymous_13)
FNDA:0,(anonymous_14)
DA:7,4
DA:8,4
DA:9,4
DA:10,4
DA:11,4
DA:13,4
DA:19,4
DA:20,1
DA:21,1
DA:22,1
DA:24,1
DA:26,0
DA:27,0
DA:35,4
DA:43,1
DA:44,1
DA:45,1
DA:46,1
DA:48,0
DA:49,0
DA:57,4
DA:65,1
DA:66,1
DA:67,1
DA:68,1
DA:70,0
DA:71,0
DA:79,4
DA:87,0
DA:88,0
DA:89,0
DA:90,0
DA:92,0
DA:93,0
DA:101,4
DA:109,0
DA:110,0
DA:111,0
DA:112,0
DA:114,0
DA:115,0
DA:124,4
DA:125,1
DA:126,1
DA:127,6
DA:128,1
DA:130,1
DA:135,1
DA:136,1
DA:142,1
DA:147,1
DA:155,0
DA:156,0
DA:164,4
DA:165,1
DA:166,1
DA:167,1
DA:169,0
DA:170,0
DA:178,4
DA:179,1
DA:180,1
DA:181,1
DA:183,0
DA:184,0
DA:191,4
DA:192,0
DA:193,0
DA:194,0
DA:196,0
DA:197,0
DA:198,0
DA:199,0
DA:200,0
DA:204,0
DA:205,0
DA:212,4
DA:213,0
DA:214,0
DA:215,0
DA:217,0
DA:218,0
DA:220,0
DA:223,0
DA:224,0
DA:232,4
DA:233,1
DA:234,1
DA:235,1
DA:237,0
DA:238,0
DA:246,4
DA:247,0
DA:248,0
DA:249,0
DA:251,0
DA:253,0
DA:254,0
DA:262,4
DA:263,0
DA:264,0
DA:265,0
DA:266,0
DA:268,0
DA:269,0
DA:273,4
LF:106
LH:50
BRDA:149,0,0,0
BRDA:149,0,1,1
BRDA:150,1,0,0
BRDA:150,1,1,0
BRDA:198,2,0,0
BRDA:198,2,1,0
BRDA:217,3,0,0
BRDA:217,3,1,0
BRF:8
BRH:1
end_of_record
TN:
SF:features\admin\users.js
FN:12,getAllUsers
FN:22,getSystemStats
FN:38,deactivateUser
FN:66,activateUser
FN:89,promoteToAdmin
FN:110,demoteFromAdmin
FN:136,getUserPosts
FN:158,deleteUserPost
FNF:8
FNH:4
FNDA:3,getAllUsers
FNDA:2,getSystemStats
FNDA:1,deactivateUser
FNDA:1,activateUser
FNDA:0,promoteToAdmin
FNDA:0,demoteFromAdmin
FNDA:0,getUserPosts
FNDA:0,deleteUserPost
DA:6,5
DA:7,5
DA:13,3
DA:16,3
DA:23,2
DA:32,2
DA:40,1
DA:41,0
DA:44,1
DA:45,1
DA:46,0
DA:49,1
DA:54,1
DA:60,1
DA:67,1
DA:68,1
DA:69,0
DA:72,1
DA:77,1
DA:83,1
DA:90,0
DA:91,0
DA:92,0
DA:95,0
DA:96,0
DA:99,0
DA:104,0
DA:112,0
DA:113,0
DA:116,0
DA:117,0
DA:118,0
DA:121,0
DA:122,0
DA:125,0
DA:130,0
DA:137,0
DA:142,0
DA:143,0
DA:146,0
DA:152,0
DA:159,0
DA:164,0
DA:165,0
DA:169,0
DA:172,0
DA:173,0
DA:174,0
DA:175,0
DA:176,0
DA:177,0
DA:181,0
DA:187,0
DA:190,5
LF:54
LH:18
BRDA:40,0,0,0
BRDA:40,0,1,1
BRDA:45,1,0,0
BRDA:45,1,1,1
BRDA:68,2,0,0
BRDA:68,2,1,1
BRDA:91,3,0,0
BRDA:91,3,1,0
BRDA:95,4,0,0
BRDA:95,4,1,0
BRDA:112,5,0,0
BRDA:112,5,1,0
BRDA:117,6,0,0
BRDA:117,6,1,0
BRDA:121,7,0,0
BRDA:121,7,1,0
BRDA:142,8,0,0
BRDA:142,8,1,0
BRDA:164,9,0,0
BRDA:164,9,1,0
BRDA:172,10,0,0
BRDA:172,10,1,0
BRDA:176,11,0,0
BRDA:176,11,1,0
BRF:24
BRH:3
end_of_record
TN:
SF:features\analytics\queries.js
FN:11,getUserAnalytics
FN:27,getMonthlyBreakdown
FNF:2
FNH:0
FNDA:0,getUserAnalytics
FNDA:0,getMonthlyBreakdown
DA:6,4
DA:12,0
DA:21,0
DA:28,0
DA:41,0
DA:44,4
LF:6
LH:2
BRDA:27,0,0,0
BRF:1
BRH:0
end_of_record
TN:
SF:features\analytics\routes.js
FN:18,(anonymous_0)
FNF:1
FNH:0
FNDA:0,(anonymous_0)
DA:7,4
DA:8,4
DA:9,4
DA:10,4
DA:12,4
DA:18,4
DA:19,0
DA:20,0
DA:21,0
DA:23,0
DA:29,0
DA:30,0
DA:34,4
LF:13
LH:7
BRF:0
BRH:0
end_of_record
TN:
SF:features\auth\middleware.js
FN:14,(anonymous_0)
FN:23,(anonymous_1)
FN:42,(anonymous_2)
FNF:3
FNH:2
FNDA:17,(anonymous_0)
FNDA:0,(anonymous_1)
FNDA:8,(anonymous_2)
DA:6,4
DA:7,4
DA:14,4
DA:15,17
DA:17,17
DA:18,17
DA:19,17
DA:21,17
DA:22,0
DA:23,0
DA:24,0
DA:26,0
DA:27,0
DA:31,17
DA:32,17
DA:34,0
DA:42,4
DA:43,8
DA:44,7
DA:46,1
DA:51,1
DA:57,4
LF:22
LH:16
BRDA:15,0,0,17
BRDA:15,0,1,0
BRDA:15,1,0,17
BRDA:15,1,1,17
BRDA:18,2,0,17
BRDA:18,2,1,0
BRDA:21,3,0,0
BRDA:21,3,1,17
BRDA:24,4,0,0
BRDA:24,4,1,0
BRDA:43,5,0,7
BRDA:43,5,1,1
BRDA:43,6,0,8
BRDA:43,6,1,8
BRDA:43,6,2,8
BRF:15
BRH:10
end_of_record
TN:
SF:features\auth\routes.js
FN:23,(anonymous_0)
FN:36,(anonymous_1)
FN:92,(anonymous_2)
FN:107,(anonymous_3)
FN:200,(anonymous_4)
FN:204,(anonymous_5)
FNF:6
FNH:3
FNDA:1,(anonymous_0)
FNDA:11,(anonymous_1)
FNDA:0,(anonymous_2)
FNDA:24,(anonymous_3)
FNDA:0,(anonymous_4)
FNDA:0,(anonymous_5)
DA:9,4
DA:10,4
DA:11,4
DA:12,4
DA:13,4
DA:14,4
DA:15,4
DA:16,4
DA:18,4
DA:23,4
DA:24,1
DA:33,4
DA:37,11
DA:38,11
DA:39,0
DA:40,0
DA:43,11
DA:44,11
DA:47,11
DA:48,11
DA:49,0
DA:50,0
DA:56,11
DA:61,11
DA:62,7
DA:63,7
DA:69,4
DA:72,4
DA:77,4
DA:78,4
DA:79,4
DA:81,0
DA:82,0
DA:92,4
DA:93,0
DA:94,0
DA:104,4
DA:108,24
DA:109,24
DA:110,0
DA:111,0
DA:117,24
DA:118,24
DA:121,24
DA:122,24
DA:123,0
DA:124,0
DA:131,24
DA:132,24
DA:133,0
DA:134,0
DA:141,24
DA:146,24
DA:147,0
DA:148,0
DA:155,24
DA:156,1
DA:157,1
DA:164,23
DA:166,23
DA:167,1
DA:168,1
DA:175,22
DA:178,22
DA:179,22
DA:180,22
DA:181,22
DA:182,22
DA:184,22
DA:185,22
DA:186,22
DA:188,0
DA:189,0
DA:200,4
DA:201,0
DA:202,0
DA:204,0
DA:205,0
DA:206,0
DA:208,0
DA:210,0
DA:214,4
LF:82
LH:57
BRDA:38,0,0,0
BRDA:38,0,1,11
BRDA:48,1,0,0
BRDA:48,1,1,11
BRDA:61,2,0,7
BRDA:61,2,1,4
BRDA:109,3,0,0
BRDA:109,3,1,24
BRDA:122,4,0,0
BRDA:122,4,1,24
BRDA:132,5,0,0
BRDA:132,5,1,24
BRDA:146,6,0,0
BRDA:146,6,1,24
BRDA:155,7,0,1
BRDA:155,7,1,23
BRDA:166,8,0,1
BRDA:166,8,1,22
BRDA:205,9,0,0
BRDA:205,9,1,0
BRF:20
BRH:12
end_of_record
TN:
SF:features\auth\validators.js
FN:18,(anonymous_0)
FN:31,(anonymous_1)
FN:43,(anonymous_2)
FN:57,getValidationErrors
FNF:4
FNH:4
FNDA:11,(anonymous_0)
FNDA:11,(anonymous_1)
FNDA:24,(anonymous_2)
FNDA:35,getValidationErrors
DA:6,4
DA:7,4
DA:8,4
DA:13,4
DA:20,11
DA:21,0
DA:23,11
DA:31,11
DA:38,4
DA:44,24
DA:45,0
DA:47,24
DA:58,35
DA:61,4
LF:14
LH:12
BRDA:20,0,0,0
BRDA:20,0,1,11
BRDA:44,1,0,0
BRDA:44,1,1,24
BRDA:44,2,0,24
BRDA:44,2,1,24
BRF:6
BRH:4
end_of_record
TN:
SF:features\dashboard\routes.js
FN:16,(anonymous_0)
FNF:1
FNH:1
FNDA:1,(anonymous_0)
DA:6,4
DA:7,4
DA:8,4
DA:10,4
DA:16,4
DA:17,1
DA:18,1
DA:27,1
DA:28,1
DA:30,1
DA:37,0
DA:38,0
DA:42,4
LF:13
LH:11
BRF:0
BRH:0
end_of_record
TN:
SF:features\posts\models.js
FN:11,createPost
FN:23,getDraftPosts
FN:35,getScheduledAndPublishedPosts
FN:47,getPostById
FN:61,schedulePost
FN:85,publishPost
FN:109,getPostForEdit
FN:120,updatePost
FN:169,deletePost
FN:187,autoPublishScheduledPosts
FNF:10
FNH:6
FNDA:6,createPost
FNDA:1,getDraftPosts
FNDA:1,getScheduledAndPublishedPosts
FNDA:0,getPostById
FNDA:0,schedulePost
FNDA:0,publishPost
FNDA:1,getPostForEdit
FNDA:1,updatePost
FNDA:1,deletePost
FNDA:0,autoPublishScheduledPosts
DA:6,5
DA:12,6
DA:17,5
DA:24,1
DA:29,1
DA:36,1
DA:41,1
DA:48,0
DA:55,0
DA:63,0
DA:68,0
DA:69,0
DA:73,0
DA:79,0
DA:87,0
DA:92,0
DA:93,0
DA:97,0
DA:103,0
DA:110,1
DA:114,1
DA:122,1
DA:127,1
DA:128,0
DA:132,1
DA:135,1
DA:163,1
DA:171,1
DA:176,1
DA:177,0
DA:180,1
DA:181,1
DA:188,0
DA:192,0
DA:195,5
LF:35
LH:19
BRDA:15,0,0,6
BRDA:15,0,1,3
BRDA:68,1,0,0
BRDA:68,1,1,0
BRDA:92,2,0,0
BRDA:92,2,1,0
BRDA:127,3,0,0
BRDA:127,3,1,1
BRDA:132,4,0,1
BRDA:132,4,1,0
BRDA:152,5,0,1
BRDA:152,5,1,1
BRDA:156,6,0,0
BRDA:156,6,1,1
BRDA:176,7,0,0
BRDA:176,7,1,1
BRF:16
BRH:8
end_of_record
TN:
SF:features\posts\routes.js
FN:27,(anonymous_0)
FN:49,(anonymous_1)
FN:63,(anonymous_2)
FN:72,(anonymous_3)
FN:126,(anonymous_4)
FN:141,(anonymous_5)
FN:156,(anonymous_6)
FN:179,(anonymous_7)
FN:199,(anonymous_8)
FN:218,(anonymous_9)
FN:245,(anonymous_10)
FN:255,(anonymous_11)
FN:306,(anonymous_12)
FN:323,(anonymous_13)
FNF:14
FNH:6
FNDA:0,(anonymous_0)
FNDA:0,(anonymous_1)
FNDA:5,(anonymous_2)
FNDA:5,(anonymous_3)
FNDA:1,(anonymous_4)
FNDA:0,(anonymous_5)
FNDA:0,(anonymous_6)
FNDA:0,(anonymous_7)
FNDA:0,(anonymous_8)
FNDA:0,(anonymous_9)
FNDA:1,(anonymous_10)
FNDA:1,(anonymous_11)
FNDA:1,(anonymous_12)
FNDA:0,(anonymous_13)
DA:12,4
DA:13,4
DA:14,4
DA:15,4
DA:16,4
DA:17,4
DA:18,4
DA:19,4
DA:20,4
DA:22,4
DA:27,4
DA:28,0
DA:29,0
DA:30,0
DA:34,0
DA:38,0
DA:39,0
DA:43,0
DA:49,4
DA:50,0
DA:59,4
DA:64,5
DA:65,0
DA:69,5
DA:73,5
DA:74,5
DA:75,0
DA:79,0
DA:82,5
DA:83,5
DA:84,5
DA:85,5
DA:88,5
DA:89,0
DA:90,0
DA:91,0
DA:96,0
DA:102,5
DA:104,5
DA:111,5
DA:112,5
DA:114,0
DA:115,0
DA:126,4
DA:127,1
DA:128,1
DA:129,1
DA:131,0
DA:132,0
DA:141,4
DA:142,0
DA:143,0
DA:144,0
DA:146,0
DA:147,0
DA:156,4
DA:157,0
DA:158,0
DA:160,0
DA:161,0
DA:166,0
DA:168,0
DA:169,0
DA:179,4
DA:180,0
DA:181,0
DA:182,0
DA:185,0
DA:186,0
DA:187,0
DA:188,0
DA:190,0
DA:191,0
DA:199,4
DA:200,0
DA:201,0
DA:202,0
DA:205,0
DA:206,0
DA:207,0
DA:208,0
DA:210,0
DA:211,0
DA:218,4
DA:219,0
DA:220,0
DA:222,0
DA:223,0
DA:228,0
DA:230,0
DA:231,0
DA:241,4
DA:246,1
DA:247,0
DA:252,1
DA:256,1
DA:257,1
DA:258,0
DA:259,0
DA:265,1
DA:266,1
DA:267,1
DA:270,1
DA:272,1
DA:273,0
DA:279,1
DA:280,1
DA:281,0
DA:282,1
DA:283,0
DA:287,1
DA:289,1
DA:290,1
DA:292,0
DA:293,0
DA:294,0
DA:306,4
DA:307,1
DA:308,1
DA:309,1
DA:311,1
DA:312,1
DA:314,0
DA:315,0
DA:323,4
DA:324,0
DA:325,0
DA:327,0
DA:333,0
DA:334,0
DA:338,4
LF:131
LH:59
BRDA:28,0,0,0
BRDA:28,0,1,0
BRDA:29,1,0,0
BRDA:29,1,1,0
BRDA:38,2,0,0
BRDA:38,2,1,0
BRDA:64,3,0,0
BRDA:64,3,1,5
BRDA:74,4,0,0
BRDA:74,4,1,5
BRDA:84,5,0,0
BRDA:84,5,1,5
BRDA:85,6,0,4
BRDA:85,6,1,1
BRDA:88,7,0,0
BRDA:88,7,1,5
BRDA:90,8,0,0
BRDA:90,8,1,0
BRDA:102,9,0,5
BRDA:102,9,1,3
BRDA:111,10,0,4
BRDA:111,10,1,1
BRDA:160,11,0,0
BRDA:160,11,1,0
BRDA:181,12,0,0
BRDA:181,12,1,0
BRDA:201,13,0,0
BRDA:201,13,1,0
BRDA:222,14,0,0
BRDA:222,14,1,0
BRDA:246,15,0,0
BRDA:246,15,1,1
BRDA:257,16,0,0
BRDA:257,16,1,1
BRDA:272,17,0,0
BRDA:272,17,1,1
BRDA:280,18,0,0
BRDA:280,18,1,1
BRDA:282,19,0,0
BRDA:282,19,1,1
BRDA:287,20,0,1
BRDA:287,20,1,1
BRF:42
BRH:17
end_of_record
TN:
SF:features\posts\upload.js
FN:20,(anonymous_0)
FN:23,(anonymous_1)
FN:29,(anonymous_2)
FNF:3
FNH:0
FNDA:0,(anonymous_0)
FNDA:0,(anonymous_1)
FNDA:0,(anonymous_2)
DA:7,4
DA:8,4
DA:9,4
DA:10,4
DA:13,4
DA:14,4
DA:15,0
DA:19,4
DA:21,0
DA:24,0
DA:25,0
DA:29,4
DA:30,0
DA:31,0
DA:33,0
DA:37,4
DA:43,4
LF:17
LH:10
BRDA:14,0,0,0
BRDA:14,0,1,4
BRDA:30,1,0,0
BRDA:30,1,1,0
BRF:4
BRH:1
end_of_record
TN:
SF:features\posts\validators.js
FN:19,(anonymous_0)
FN:30,(anonymous_1)
FN:77,(anonymous_2)
FN:96,getValidationErrors
FNF:4
FNH:4
FNDA:5,(anonymous_0)
FNDA:5,(anonymous_1)
FNDA:1,(anonymous_2)
FNDA:6,getValidationErrors
DA:6,4
DA:7,4
DA:8,4
DA:13,4
DA:20,5
DA:21,0
DA:23,5
DA:31,5
DA:32,0
DA:34,5
DA:41,4
DA:53,4
DA:62,4
DA:79,1
DA:80,0
DA:81,0
DA:84,0
DA:85,0
DA:86,0
DA:89,1
DA:97,6
DA:100,4
LF:22
LH:15
BRDA:20,0,0,0
BRDA:20,0,1,5
BRDA:20,1,0,5
BRDA:20,1,1,5
BRDA:31,2,0,0
BRDA:31,2,1,5
BRDA:31,3,0,5
BRDA:31,3,1,5
BRDA:79,4,0,0
BRDA:79,4,1,1
BRDA:80,5,0,0
BRDA:80,5,1,0
BRDA:85,6,0,0
BRDA:85,6,1,0
BRF:14
BRH:7
end_of_record
TN:
SF:features\scheduler\index.js
FN:14,startScheduler
FN:25,(anonymous_1)
FN:39,stopScheduler
FN:50,triggerPublish
FNF:4
FNH:2
FNDA:1,startScheduler
FNDA:6,(anonymous_1)
FNDA:0,stopScheduler
FNDA:0,triggerPublish
DA:6,5
DA:7,5
DA:9,5
DA:15,1
DA:16,0
DA:17,0
DA:20,1
DA:21,0
DA:22,0
DA:25,1
DA:26,6
DA:27,6
DA:29,0
DA:33,1
DA:40,0
DA:41,0
DA:42,0
DA:43,0
DA:51,0
DA:52,0
DA:54,0
DA:55,0
DA:59,5
LF:23
LH:10
BRDA:15,0,0,0
BRDA:15,0,1,1
BRDA:20,1,0,0
BRDA:20,1,1,1
BRDA:40,2,0,0
BRDA:40,2,1,0
BRF:6
BRH:2
end_of_record
TN:
SF:features\scheduler\publishers.js
FN:12,publishScheduledPosts
FN:16,(anonymous_1)
FN:27,(anonymous_2)
FNF:3
FNH:2
FNDA:6,publishScheduledPosts
FNDA:36,(anonymous_1)
FNDA:0,(anonymous_2)
DA:6,5
DA:7,5
DA:13,6
DA:14,6
DA:16,36
DA:17,6
DA:20,6
DA:24,6
DA:25,0
DA:26,0
DA:27,0
DA:28,0
DA:29,0
DA:36,6
DA:42,6
DA:43,0
DA:44,0
DA:50,6
DA:52,0
DA:53,0
DA:54,0
DA:58,5
LF:22
LH:12
BRDA:24,0,0,0
BRDA:24,0,1,6
BRDA:24,1,0,6
BRDA:24,1,1,6
BRDA:42,2,0,0
BRDA:42,2,1,6
BRDA:42,3,0,6
BRDA:42,3,1,6
BRDA:42,3,2,0
BRF:9
BRH:6
end_of_record
